[ 2016-03-06T13:34:53+08:00 ] 127.0.0.1 /huawei/Public/assets/js/jquery-2.0.3.min.map
INFO: [ app_init ] --START--
INFO: Run Behavior\BuildLiteBehavior [ RunTime:0.000046s ]
INFO: [ app_init ] --END-- [ RunTime:0.001104s ]
ERR: 无法加载模块:Public

[ 2016-03-06T14:05:25+08:00 ] 127.0.0.1 /huawei/Public/assets/js/jquery-2.0.3.min.map
INFO: [ app_init ] --START--
INFO: Run Behavior\BuildLiteBehavior [ RunTime:0.000079s ]
INFO: [ app_init ] --END-- [ RunTime:0.001398s ]
ERR: 无法加载模块:Public

[ 2016-03-06T14:08:24+08:00 ] 127.0.0.1 /huawei/Public/assets/js/jquery-2.0.3.min.map
INFO: [ app_init ] --START--
INFO: Run Behavior\BuildLiteBehavior [ RunTime:0.000049s ]
INFO: [ app_init ] --END-- [ RunTime:0.001170s ]
ERR: 无法加载模块:Public

[ 2016-03-06T14:08:33+08:00 ] 127.0.0.1 /huawei/Public/assets/js/jquery-2.0.3.min.map
INFO: [ app_init ] --START--
INFO: Run Behavior\BuildLiteBehavior [ RunTime:0.000069s ]
INFO: [ app_init ] --END-- [ RunTime:0.001741s ]
ERR: 无法加载模块:Public

[ 2016-03-06T14:11:57+08:00 ] 127.0.0.1 /huawei/Public/assets/js/jquery-2.0.3.min.map
INFO: [ app_init ] --START--
INFO: Run Behavior\BuildLiteBehavior [ RunTime:0.000073s ]
INFO: [ app_init ] --END-- [ RunTime:0.001655s ]
ERR: 无法加载模块:Public

[ 2016-03-06T14:39:51+08:00 ] 127.0.0.1 /huawei/Public/assets/js/jquery-2.0.3.min.map
INFO: [ app_init ] --START--
INFO: Run Behavior\BuildLiteBehavior [ RunTime:0.000047s ]
INFO: [ app_init ] --END-- [ RunTime:0.001226s ]
ERR: 无法加载模块:Public

[ 2016-03-06T14:46:41+08:00 ] 127.0.0.1 /huawei/Public/assets/js/jquery-2.0.3.min.map
INFO: [ app_init ] --START--
INFO: Run Behavior\BuildLiteBehavior [ RunTime:0.000081s ]
INFO: [ app_init ] --END-- [ RunTime:0.001845s ]
ERR: 无法加载模块:Public

[ 2016-03-06T15:29:51+08:00 ] 127.0.0.1 /huawei/Public/assets/js/jquery-2.0.3.min.map
INFO: [ app_init ] --START--
INFO: Run Behavior\BuildLiteBehavior [ RunTime:0.000078s ]
INFO: [ app_init ] --END-- [ RunTime:0.001404s ]
ERR: 无法加载模块:Public

[ 2016-03-06T15:30:41+08:00 ] 127.0.0.1 /huawei/Public/assets/js/jquery-2.0.3.min.map
INFO: [ app_init ] --START--
INFO: Run Behavior\BuildLiteBehavior [ RunTime:0.000068s ]
INFO: [ app_init ] --END-- [ RunTime:0.000976s ]
ERR: 无法加载模块:Public

[ 2016-03-06T15:31:37+08:00 ] 127.0.0.1 /huawei/Public/assets/js/jquery-2.0.3.min.map
INFO: [ app_init ] --START--
INFO: Run Behavior\BuildLiteBehavior [ RunTime:0.000046s ]
INFO: [ app_init ] --END-- [ RunTime:0.000932s ]
ERR: 无法加载模块:Public

[ 2016-03-06T16:26:25+08:00 ] 127.0.0.1 /huawei/Uploads/avatar/a
INFO: [ app_init ] --START--
INFO: Run Behavior\BuildLiteBehavior [ RunTime:0.000044s ]
INFO: [ app_init ] --END-- [ RunTime:0.001087s ]
ERR: 无法加载模块:Uploads

[ 2016-03-06T18:32:35+08:00 ] 127.0.0.1 /huawei/Uploads/avatar/avatar_dafault.jpg
INFO: [ app_init ] --START--
INFO: Run Behavior\BuildLiteBehavior [ RunTime:0.000072s ]
INFO: [ app_init ] --END-- [ RunTime:0.001198s ]
ERR: 无法加载模块:Uploads

[ 2016-03-06T18:33:21+08:00 ] 127.0.0.1 /huawei/Uploads/avatar/avatar_dafault.jpg
INFO: [ app_init ] --START--
INFO: Run Behavior\BuildLiteBehavior [ RunTime:0.000073s ]
INFO: [ app_init ] --END-- [ RunTime:0.001658s ]
ERR: 无法加载模块:Uploads

[ 2016-03-06T19:25:42+08:00 ] 127.0.0.1 /huawei/Uploads/avatar/php_avatar1_20160306191353_154_UFT1LMJO.jpg
INFO: [ app_init ] --START--
INFO: Run Behavior\BuildLiteBehavior [ RunTime:0.000139s ]
INFO: [ app_init ] --END-- [ RunTime:0.001544s ]
ERR: 无法加载模块:Uploads

[ 2016-03-06T19:25:43+08:00 ] 127.0.0.1 /huawei/Uploads/avatar/php_avatar1_20160306191353_154_UFT1LMJO.jpg
INFO: [ app_init ] --START--
INFO: Run Behavior\BuildLiteBehavior [ RunTime:0.000077s ]
INFO: [ app_init ] --END-- [ RunTime:0.001559s ]
ERR: 无法加载模块:Uploads

[ 2016-03-06T19:29:51+08:00 ] 127.0.0.1 /huawei/Uploads/avatar/php_avatar1_20160306191353_154_UFT1LMJO.jpg
INFO: [ app_init ] --START--
INFO: Run Behavior\BuildLiteBehavior [ RunTime:0.000078s ]
INFO: [ app_init ] --END-- [ RunTime:0.001767s ]
ERR: 无法加载模块:Uploads

[ 2016-03-06T19:29:52+08:00 ] 127.0.0.1 /huawei/Uploads/avatar/php_avatar1_20160306191353_154_UFT1LMJO.jpg
INFO: [ app_init ] --START--
INFO: Run Behavior\BuildLiteBehavior [ RunTime:0.000048s ]
INFO: [ app_init ] --END-- [ RunTime:0.000986s ]
ERR: 无法加载模块:Uploads

[ 2016-03-06T19:30:22+08:00 ] 127.0.0.1 /huawei/Uploads/avatar/php_avatar1_20160306191353_154_UFT1LMJO.jpg
INFO: [ app_init ] --START--
INFO: Run Behavior\BuildLiteBehavior [ RunTime:0.000046s ]
INFO: [ app_init ] --END-- [ RunTime:0.000931s ]
ERR: 无法加载模块:Uploads

[ 2016-03-06T19:30:23+08:00 ] 127.0.0.1 /huawei/Uploads/avatar/php_avatar1_20160306191353_154_UFT1LMJO.jpg
INFO: [ app_init ] --START--
INFO: Run Behavior\BuildLiteBehavior [ RunTime:0.000059s ]
INFO: [ app_init ] --END-- [ RunTime:0.001420s ]
ERR: 无法加载模块:Uploads

[ 2016-03-06T19:48:09+08:00 ] 127.0.0.1 /huawei/Uploads/avatar/php_avatar1_20160306194117_193_U6U6GKM0.jpg
INFO: [ app_init ] --START--
INFO: Run Behavior\BuildLiteBehavior [ RunTime:0.000064s ]
INFO: [ app_init ] --END-- [ RunTime:0.001467s ]
ERR: 无法加载模块:Uploads

[ 2016-03-06T19:48:10+08:00 ] 127.0.0.1 /huawei/Uploads/avatar/php_avatar1_20160306194117_193_U6U6GKM0.jpg
INFO: [ app_init ] --START--
INFO: Run Behavior\BuildLiteBehavior [ RunTime:0.000045s ]
INFO: [ app_init ] --END-- [ RunTime:0.000943s ]
ERR: 无法加载模块:Uploads

[ 2016-03-06T19:50:11+08:00 ] 127.0.0.1 /huawei/Uploads/avatar/php_avatar1_20160306194949_735_6O8DG3CK.jpg
INFO: [ app_init ] --START--
INFO: Run Behavior\BuildLiteBehavior [ RunTime:0.000068s ]
INFO: [ app_init ] --END-- [ RunTime:0.001351s ]
ERR: 无法加载模块:Uploads

[ 2016-03-06T19:50:12+08:00 ] 127.0.0.1 /huawei/Uploads/avatar/php_avatar1_20160306194949_735_6O8DG3CK.jpg
INFO: [ app_init ] --START--
INFO: Run Behavior\BuildLiteBehavior [ RunTime:0.000076s ]
INFO: [ app_init ] --END-- [ RunTime:0.001278s ]
ERR: 无法加载模块:Uploads

[ 2016-03-06T19:53:12+08:00 ] 127.0.0.1 /huawei/Uploads/avatar/php_avatar1_20160306195108_987_9JR21P6G.jpg
INFO: [ app_init ] --START--
INFO: Run Behavior\BuildLiteBehavior [ RunTime:0.000070s ]
INFO: [ app_init ] --END-- [ RunTime:0.001601s ]
ERR: 无法加载模块:Uploads

[ 2016-03-06T19:53:14+08:00 ] 127.0.0.1 /huawei/Uploads/avatar/php_avatar1_20160306195108_987_9JR21P6G.jpg
INFO: [ app_init ] --START--
INFO: Run Behavior\BuildLiteBehavior [ RunTime:0.000072s ]
INFO: [ app_init ] --END-- [ RunTime:0.001310s ]
ERR: 无法加载模块:Uploads

[ 2016-03-06T19:55:45+08:00 ] 127.0.0.1 /huawei/Uploads/avatar/php_avatar1_20160306195532_970_XHGNPWJC.jpg
INFO: [ app_init ] --START--
INFO: Run Behavior\BuildLiteBehavior [ RunTime:0.000046s ]
INFO: [ app_init ] --END-- [ RunTime:0.000898s ]
ERR: 无法加载模块:Uploads

[ 2016-03-06T19:56:39+08:00 ] 127.0.0.1 /huawei/Uploads/avatar/php_avatar1_20160306195615_509_C5OQ6423.jpg
INFO: [ app_init ] --START--
INFO: Run Behavior\BuildLiteBehavior [ RunTime:0.000099s ]
INFO: [ app_init ] --END-- [ RunTime:0.001422s ]
ERR: 无法加载模块:Uploads

[ 2016-03-06T19:56:40+08:00 ] 127.0.0.1 /huawei/Uploads/avatar/php_avatar1_20160306195615_509_C5OQ6423.jpg
INFO: [ app_init ] --START--
INFO: Run Behavior\BuildLiteBehavior [ RunTime:0.000043s ]
INFO: [ app_init ] --END-- [ RunTime:0.000940s ]
ERR: 无法加载模块:Uploads

[ 2016-03-06T20:03:37+08:00 ] 127.0.0.1 /huawei/Uploads/avatar/avatar_no_pass.jpg
INFO: [ app_init ] --START--
INFO: Run Behavior\BuildLiteBehavior [ RunTime:0.000071s ]
INFO: [ app_init ] --END-- [ RunTime:0.001415s ]
ERR: 无法加载模块:Uploads

[ 2016-03-06T20:03:42+08:00 ] 127.0.0.1 /huawei/Uploads/avatar/avatar_no_pass.jpg
INFO: [ app_init ] --START--
INFO: Run Behavior\BuildLiteBehavior [ RunTime:0.000046s ]
INFO: [ app_init ] --END-- [ RunTime:0.001005s ]
ERR: 无法加载模块:Uploads

[ 2016-03-06T20:03:46+08:00 ] 127.0.0.1 /huawei/Uploads/avatar/avatar_no_pass.jpg
INFO: [ app_init ] --START--
INFO: Run Behavior\BuildLiteBehavior [ RunTime:0.000060s ]
INFO: [ app_init ] --END-- [ RunTime:0.001112s ]
ERR: 无法加载模块:Uploads

[ 2016-03-06T20:03:47+08:00 ] 127.0.0.1 /huawei/Uploads/avatar/avatar_no_pass.jpg
INFO: [ app_init ] --START--
INFO: Run Behavior\BuildLiteBehavior [ RunTime:0.000067s ]
INFO: [ app_init ] --END-- [ RunTime:0.001071s ]
ERR: 无法加载模块:Uploads

[ 2016-03-06T20:04:01+08:00 ] 127.0.0.1 /huawei/Uploads/avatar/avatar_no_pass.jpg
INFO: [ app_init ] --START--
INFO: Run Behavior\BuildLiteBehavior [ RunTime:0.000070s ]
INFO: [ app_init ] --END-- [ RunTime:0.001258s ]
ERR: 无法加载模块:Uploads

[ 2016-03-06T20:04:02+08:00 ] 127.0.0.1 /huawei/Uploads/avatar/avatar_no_pass.jpg
INFO: [ app_init ] --START--
INFO: Run Behavior\BuildLiteBehavior [ RunTime:0.000051s ]
INFO: [ app_init ] --END-- [ RunTime:0.001221s ]
ERR: 无法加载模块:Uploads

[ 2016-03-06T20:04:09+08:00 ] 127.0.0.1 /huawei/Uploads/avatar/avatar_no_pass.jpg
INFO: [ app_init ] --START--
INFO: Run Behavior\BuildLiteBehavior [ RunTime:0.000081s ]
INFO: [ app_init ] --END-- [ RunTime:0.001516s ]
ERR: 无法加载模块:Uploads

[ 2016-03-06T20:04:10+08:00 ] 127.0.0.1 /huawei/Uploads/avatar/avatar_no_pass.jpg
INFO: [ app_init ] --START--
INFO: Run Behavior\BuildLiteBehavior [ RunTime:0.000047s ]
INFO: [ app_init ] --END-- [ RunTime:0.000996s ]
ERR: 无法加载模块:Uploads

[ 2016-03-06T20:04:12+08:00 ] 127.0.0.1 /huawei/Uploads/avatar/avatar_no_pass.jpg
INFO: [ app_init ] --START--
INFO: Run Behavior\BuildLiteBehavior [ RunTime:0.000070s ]
INFO: [ app_init ] --END-- [ RunTime:0.001333s ]
ERR: 无法加载模块:Uploads

[ 2016-03-06T20:04:13+08:00 ] 127.0.0.1 /huawei/Uploads/avatar/avatar_no_pass.jpg
INFO: [ app_init ] --START--
INFO: Run Behavior\BuildLiteBehavior [ RunTime:0.000082s ]
INFO: [ app_init ] --END-- [ RunTime:0.001443s ]
ERR: 无法加载模块:Uploads

[ 2016-03-06T20:04:14+08:00 ] 127.0.0.1 /huawei/Uploads/avatar/avatar_no_pass.jpg
INFO: [ app_init ] --START--
INFO: Run Behavior\BuildLiteBehavior [ RunTime:0.000064s ]
INFO: [ app_init ] --END-- [ RunTime:0.001273s ]
ERR: 无法加载模块:Uploads

[ 2016-03-06T20:04:15+08:00 ] 127.0.0.1 /huawei/Uploads/avatar/avatar_no_pass.jpg
INFO: [ app_init ] --START--
INFO: Run Behavior\BuildLiteBehavior [ RunTime:0.000046s ]
INFO: [ app_init ] --END-- [ RunTime:0.000915s ]
ERR: 无法加载模块:Uploads

[ 2016-03-06T20:04:18+08:00 ] 127.0.0.1 /huawei/Uploads/avatar/avatar_no_pass.jpg
INFO: [ app_init ] --START--
INFO: Run Behavior\BuildLiteBehavior [ RunTime:0.000074s ]
INFO: [ app_init ] --END-- [ RunTime:0.002109s ]
ERR: 无法加载模块:Uploads

[ 2016-03-06T20:04:19+08:00 ] 127.0.0.1 /huawei/Uploads/avatar/avatar_no_pass.jpg
INFO: [ app_init ] --START--
INFO: Run Behavior\BuildLiteBehavior [ RunTime:0.000044s ]
INFO: [ app_init ] --END-- [ RunTime:0.000913s ]
ERR: 无法加载模块:Uploads

[ 2016-03-06T20:04:20+08:00 ] 127.0.0.1 /huawei/Uploads/avatar/avatar_no_pass.jpg
INFO: [ app_init ] --START--
INFO: Run Behavior\BuildLiteBehavior [ RunTime:0.000071s ]
INFO: [ app_init ] --END-- [ RunTime:0.001458s ]
ERR: 无法加载模块:Uploads

[ 2016-03-06T20:04:21+08:00 ] 127.0.0.1 /huawei/Uploads/avatar/avatar_no_pass.jpg
INFO: [ app_init ] --START--
INFO: Run Behavior\BuildLiteBehavior [ RunTime:0.000071s ]
INFO: [ app_init ] --END-- [ RunTime:0.001483s ]
ERR: 无法加载模块:Uploads

[ 2016-03-06T20:08:30+08:00 ] 127.0.0.1 /huawei/Uploads/avatar/avatar_no_pass.jpg
INFO: [ app_init ] --START--
INFO: Run Behavior\BuildLiteBehavior [ RunTime:0.000069s ]
INFO: [ app_init ] --END-- [ RunTime:0.001310s ]
ERR: 无法加载模块:Uploads

[ 2016-03-06T20:08:33+08:00 ] 127.0.0.1 /huawei/Uploads/avatar/avatar_no_pass.jpg
INFO: [ app_init ] --START--
INFO: Run Behavior\BuildLiteBehavior [ RunTime:0.000048s ]
INFO: [ app_init ] --END-- [ RunTime:0.000968s ]
ERR: 无法加载模块:Uploads

[ 2016-03-06T21:11:47+08:00 ] 127.0.0.1 /huawei/Public/assets/fonts/glyphicons-halflings-regular.woff
INFO: [ app_init ] --START--
INFO: Run Behavior\BuildLiteBehavior [ RunTime:0.000044s ]
INFO: [ app_init ] --END-- [ RunTime:0.000867s ]
ERR: 无法加载模块:Public

[ 2016-03-06T21:11:47+08:00 ] 127.0.0.1 /huawei/Public/assets/fonts/glyphicons-halflings-regular.ttf
INFO: [ app_init ] --START--
INFO: Run Behavior\BuildLiteBehavior [ RunTime:0.000043s ]
INFO: [ app_init ] --END-- [ RunTime:0.001005s ]
ERR: 无法加载模块:Public

[ 2016-03-06T21:11:47+08:00 ] 127.0.0.1 /huawei/Public/assets/fonts/glyphicons-halflings-regular.svg
INFO: [ app_init ] --START--
INFO: Run Behavior\BuildLiteBehavior [ RunTime:0.000044s ]
INFO: [ app_init ] --END-- [ RunTime:0.000876s ]
ERR: 无法加载模块:Public

[ 2016-03-06T21:12:03+08:00 ] 127.0.0.1 /huawei/Public/assets/css/bootstrap.css
INFO: [ app_init ] --START--
INFO: Run Behavior\BuildLiteBehavior [ RunTime:0.000077s ]
INFO: [ app_init ] --END-- [ RunTime:0.001629s ]
ERR: 无法加载模块:Public

[ 2016-03-06T22:44:56+08:00 ] 127.0.0.1 /huawei/Public/assets/js/jquery-2.0.3.min.map
INFO: [ app_init ] --START--
INFO: Run Behavior\BuildLiteBehavior [ RunTime:0.000144s ]
INFO: [ app_init ] --END-- [ RunTime:0.001797s ]
ERR: 无法加载模块:Public

[ 2016-03-06T22:45:25+08:00 ] 127.0.0.1 /huawei/Public/assets/js/jquery-2.0.3.min.map
INFO: [ app_init ] --START--
INFO: Run Behavior\BuildLiteBehavior [ RunTime:0.000047s ]
INFO: [ app_init ] --END-- [ RunTime:0.000919s ]
ERR: 无法加载模块:Public

[ 2016-03-06T22:45:27+08:00 ] 127.0.0.1 /huawei/Public/assets/js/jquery-2.0.3.min.map
INFO: [ app_init ] --START--
INFO: Run Behavior\BuildLiteBehavior [ RunTime:0.000073s ]
INFO: [ app_init ] --END-- [ RunTime:0.001657s ]
ERR: 无法加载模块:Public

[ 2016-03-06T22:45:51+08:00 ] 127.0.0.1 /huawei/Public/assets/js/jquery-2.0.3.min.map
INFO: [ app_init ] --START--
INFO: Run Behavior\BuildLiteBehavior [ RunTime:0.000072s ]
INFO: [ app_init ] --END-- [ RunTime:0.001368s ]
ERR: 无法加载模块:Public

[ 2016-03-06T22:46:06+08:00 ] 127.0.0.1 /huawei/Public/assets/js/jquery-2.0.3.min.map
INFO: [ app_init ] --START--
INFO: Run Behavior\BuildLiteBehavior [ RunTime:0.000049s ]
INFO: [ app_init ] --END-- [ RunTime:0.001329s ]
ERR: 无法加载模块:Public

[ 2016-03-06T22:46:34+08:00 ] 127.0.0.1 /huawei/Public/assets/js/jquery-2.0.3.min.map
INFO: [ app_init ] --START--
INFO: Run Behavior\BuildLiteBehavior [ RunTime:0.000080s ]
INFO: [ app_init ] --END-- [ RunTime:0.001054s ]
ERR: 无法加载模块:Public

