[ 2016-03-07T12:08:44+08:00 ] 127.0.0.1 /huawei/Uploads/avatar/avatar_no_pass.jpg
INFO: [ app_init ] --START--
INFO: Run Behavior\BuildLiteBehavior [ RunTime:0.000069s ]
INFO: [ app_init ] --END-- [ RunTime:0.001193s ]
ERR: 无法加载模块:Uploads

[ 2016-03-07T12:08:45+08:00 ] 127.0.0.1 /huawei/Uploads/avatar/avatar_no_pass.jpg
INFO: [ app_init ] --START--
INFO: Run Behavior\BuildLiteBehavior [ RunTime:0.000052s ]
INFO: [ app_init ] --END-- [ RunTime:0.003307s ]
ERR: 无法加载模块:Uploads

[ 2016-03-07T12:08:49+08:00 ] 127.0.0.1 /huawei/Uploads/avatar/avatar_no_pass.jpg
INFO: [ app_init ] --START--
INFO: Run Behavior\BuildLiteBehavior [ RunTime:0.000048s ]
INFO: [ app_init ] --END-- [ RunTime:0.000937s ]
ERR: 无法加载模块:Uploads

[ 2016-03-07T12:08:49+08:00 ] 127.0.0.1 /huawei/Uploads/avatar/avatar_no_pass.jpg
INFO: [ app_init ] --START--
INFO: Run Behavior\BuildLiteBehavior [ RunTime:0.000047s ]
INFO: [ app_init ] --END-- [ RunTime:0.000896s ]
ERR: 无法加载模块:Uploads

[ 2016-03-07T12:08:49+08:00 ] 127.0.0.1 /huawei/Uploads/avatar/avatar_no_pass.jpg
INFO: [ app_init ] --START--
INFO: Run Behavior\BuildLiteBehavior [ RunTime:0.000049s ]
INFO: [ app_init ] --END-- [ RunTime:0.000947s ]
ERR: 无法加载模块:Uploads

[ 2016-03-07T12:08:54+08:00 ] 127.0.0.1 /huawei/Uploads/avatar/avatar_no_pass.jpg
INFO: [ app_init ] --START--
INFO: Run Behavior\BuildLiteBehavior [ RunTime:0.000046s ]
INFO: [ app_init ] --END-- [ RunTime:0.001031s ]
ERR: 无法加载模块:Uploads

[ 2016-03-07T12:08:55+08:00 ] 127.0.0.1 /huawei/Uploads/avatar/avatar_no_pass.jpg
INFO: [ app_init ] --START--
INFO: Run Behavior\BuildLiteBehavior [ RunTime:0.000047s ]
INFO: [ app_init ] --END-- [ RunTime:0.000904s ]
ERR: 无法加载模块:Uploads

[ 2016-03-07T12:08:55+08:00 ] 127.0.0.1 /huawei/Uploads/avatar/avatar_no_pass.jpg
INFO: [ app_init ] --START--
INFO: Run Behavior\BuildLiteBehavior [ RunTime:0.000079s ]
INFO: [ app_init ] --END-- [ RunTime:0.001384s ]
ERR: 无法加载模块:Uploads

[ 2016-03-07T12:08:58+08:00 ] 127.0.0.1 /huawei/Uploads/avatar/avatar_no_pass.jpg
INFO: [ app_init ] --START--
INFO: Run Behavior\BuildLiteBehavior [ RunTime:0.000067s ]
INFO: [ app_init ] --END-- [ RunTime:0.001311s ]
ERR: 无法加载模块:Uploads

[ 2016-03-07T12:08:58+08:00 ] 127.0.0.1 /huawei/Uploads/avatar/avatar_no_pass.jpg
INFO: [ app_init ] --START--
INFO: Run Behavior\BuildLiteBehavior [ RunTime:0.000043s ]
INFO: [ app_init ] --END-- [ RunTime:0.000897s ]
ERR: 无法加载模块:Uploads

[ 2016-03-07T12:08:59+08:00 ] 127.0.0.1 /huawei/Uploads/avatar/avatar_no_pass.jpg
INFO: [ app_init ] --START--
INFO: Run Behavior\BuildLiteBehavior [ RunTime:0.000046s ]
INFO: [ app_init ] --END-- [ RunTime:0.003655s ]
ERR: 无法加载模块:Uploads

[ 2016-03-07T12:09:03+08:00 ] 127.0.0.1 /huawei/Uploads/avatar/avatar_no_pass.jpg
INFO: [ app_init ] --START--
INFO: Run Behavior\BuildLiteBehavior [ RunTime:0.000048s ]
INFO: [ app_init ] --END-- [ RunTime:0.000955s ]
ERR: 无法加载模块:Uploads

