[ 2016-03-07T12:07:49+08:00 ] 127.0.0.1 /huawei/admin
INFO: [ app_init ] --START--
INFO: Run Behavior\BuildLiteBehavior [ RunTime:0.000081s ]
INFO: [ app_init ] --END-- [ RunTime:0.002368s ]
INFO: [ app_begin ] --START--
INFO: Run Behavior\ReadHtmlCacheBehavior [ RunTime:0.001500s ]
INFO: [ app_begin ] --END-- [ RunTime:0.001837s ]

[ 2016-03-07T12:07:49+08:00 ] 127.0.0.1 /huawei/index.php/Admin/Public/login.html
INFO: [ app_init ] --START--
INFO: Run Behavior\BuildLiteBehavior [ RunTime:0.000050s ]
INFO: [ app_init ] --END-- [ RunTime:0.000941s ]
INFO: [ app_begin ] --START--
INFO: Run Behavior\ReadHtmlCacheBehavior [ RunTime:0.001555s ]
INFO: [ app_begin ] --END-- [ RunTime:0.001915s ]
INFO: [ view_parse ] --START--
INFO: [ template_filter ] --START--
INFO: Run Behavior\ContentReplaceBehavior [ RunTime:0.000237s ]
INFO: [ template_filter ] --END-- [ RunTime:0.000472s ]
INFO: Run Behavior\ParseTemplateBehavior [ RunTime:0.034415s ]
INFO: [ view_parse ] --END-- [ RunTime:0.034645s ]
INFO: [ view_filter ] --START--
INFO: Run Behavior\WriteHtmlCacheBehavior [ RunTime:0.000862s ]
INFO: [ view_filter ] --END-- [ RunTime:0.001045s ]
INFO: [ app_end ] --START--
INFO: Run Behavior\ShowPageTraceBehavior [ RunTime:0.001464s ]
INFO: [ app_end ] --END-- [ RunTime:0.001739s ]

[ 2016-03-07T12:07:54+08:00 ] 127.0.0.1 /huawei/index.php/Admin/Public/dologin.html
INFO: [ app_init ] --START--
INFO: Run Behavior\BuildLiteBehavior [ RunTime:0.000075s ]
INFO: [ app_init ] --END-- [ RunTime:0.001770s ]
INFO: [ app_begin ] --START--
INFO: Run Behavior\ReadHtmlCacheBehavior [ RunTime:0.001833s ]
INFO: [ app_begin ] --END-- [ RunTime:0.002185s ]
SQL: SHOW COLUMNS FROM `huawei_admin` [ RunTime:0.0693s ]
SQL: SELECT * FROM `huawei_admin` WHERE `admin_user` = 'admin' LIMIT 1   [ RunTime:0.0010s ]
SQL: SHOW COLUMNS FROM `huawei_work` [ RunTime:0.0671s ]
SQL: SHOW COLUMNS FROM `huawei_player_work` [ RunTime:0.0620s ]
SQL: SHOW COLUMNS FROM `huawei_admin_player` [ RunTime:0.0287s ]
SQL: SELECT `controller_name`,`do_name` FROM `huawei_work` WHERE ( id in( SELECT `work_id` FROM `huawei_player_work` WHERE ( player_id in ( SELECT `player_id` FROM `huawei_admin_player` WHERE `admin_id` = '1'  ) )  ) )  [ RunTime:0.0581s ]

[ 2016-03-07T12:07:55+08:00 ] 127.0.0.1 /huawei/index.php/Admin/Index/index.html
INFO: [ app_init ] --START--
INFO: Run Behavior\BuildLiteBehavior [ RunTime:0.000047s ]
INFO: [ app_init ] --END-- [ RunTime:0.000993s ]
INFO: [ app_begin ] --START--
INFO: Run Behavior\ReadHtmlCacheBehavior [ RunTime:0.001394s ]
INFO: [ app_begin ] --END-- [ RunTime:0.001627s ]
INFO: [ view_parse ] --START--
INFO: [ template_filter ] --START--
INFO: Run Behavior\ContentReplaceBehavior [ RunTime:0.001532s ]
INFO: [ template_filter ] --END-- [ RunTime:0.001875s ]
INFO: Run Behavior\ParseTemplateBehavior [ RunTime:0.215055s ]
INFO: [ view_parse ] --END-- [ RunTime:0.215283s ]
INFO: [ view_filter ] --START--
INFO: Run Behavior\WriteHtmlCacheBehavior [ RunTime:0.001217s ]
INFO: [ view_filter ] --END-- [ RunTime:0.001436s ]
INFO: [ app_end ] --START--
INFO: Run Behavior\ShowPageTraceBehavior [ RunTime:0.002691s ]
INFO: [ app_end ] --END-- [ RunTime:0.003086s ]

[ 2016-03-07T12:08:01+08:00 ] 127.0.0.1 /huawei/index.php/Admin/Avatar/index.html
INFO: [ app_init ] --START--
INFO: Run Behavior\BuildLiteBehavior [ RunTime:0.000074s ]
INFO: [ app_init ] --END-- [ RunTime:0.001483s ]
INFO: [ app_begin ] --START--
INFO: Run Behavior\ReadHtmlCacheBehavior [ RunTime:0.001118s ]
INFO: [ app_begin ] --END-- [ RunTime:0.001329s ]
SQL: SHOW COLUMNS FROM `huawei_user` [ RunTime:0.0166s ]
SQL: SHOW COLUMNS FROM `huawei_avatar` [ RunTime:0.0162s ]
SQL: SELECT COUNT(*) AS tp_count FROM `huawei_avatar` LIMIT 1   [ RunTime:0.0015s ]
SQL: SELECT * FROM `huawei_avatar` ORDER BY id desc LIMIT 0,5   [ RunTime:0.0010s ]
INFO: [ view_parse ] --START--
INFO: [ template_filter ] --START--
INFO: Run Behavior\ContentReplaceBehavior [ RunTime:0.000806s ]
INFO: [ template_filter ] --END-- [ RunTime:0.001046s ]
INFO: Run Behavior\ParseTemplateBehavior [ RunTime:0.089550s ]
INFO: [ view_parse ] --END-- [ RunTime:0.089895s ]
INFO: [ view_filter ] --START--
INFO: Run Behavior\WriteHtmlCacheBehavior [ RunTime:0.001340s ]
INFO: [ view_filter ] --END-- [ RunTime:0.001680s ]
INFO: [ app_end ] --START--
INFO: Run Behavior\ShowPageTraceBehavior [ RunTime:0.001452s ]
INFO: [ app_end ] --END-- [ RunTime:0.001739s ]

[ 2016-03-07T12:08:01+08:00 ] 127.0.0.1 /huawei/index.php/Admin/Avatar/js/ShopShow.js
INFO: [ app_init ] --START--
INFO: Run Behavior\BuildLiteBehavior [ RunTime:0.000077s ]
INFO: [ app_init ] --END-- [ RunTime:0.001795s ]
INFO: [ app_begin ] --START--
INFO: Run Behavior\ReadHtmlCacheBehavior [ RunTime:0.002154s ]
INFO: [ app_begin ] --END-- [ RunTime:0.002783s ]
SQL: SHOW COLUMNS FROM `huawei_user` [ RunTime:0.0163s ]
SQL: SHOW COLUMNS FROM `huawei_avatar` [ RunTime:0.0183s ]
INFO: [ app_end ] --START--
INFO: Run Behavior\ShowPageTraceBehavior [ RunTime:0.004018s ]
INFO: [ app_end ] --END-- [ RunTime:0.004334s ]

[ 2016-03-07T12:08:07+08:00 ] 127.0.0.1 /huawei/index.php/Admin/Avatar/pass/id/4.html
INFO: [ app_init ] --START--
INFO: Run Behavior\BuildLiteBehavior [ RunTime:0.000067s ]
INFO: [ app_init ] --END-- [ RunTime:0.001401s ]
INFO: [ app_begin ] --START--
INFO: Run Behavior\ReadHtmlCacheBehavior [ RunTime:0.001181s ]
INFO: [ app_begin ] --END-- [ RunTime:0.001426s ]
SQL: SHOW COLUMNS FROM `huawei_user` [ RunTime:0.0189s ]
SQL: SHOW COLUMNS FROM `huawei_avatar` [ RunTime:0.0225s ]
NOTIC: [8] Undefined index: validate D:\wamp\www\huawei\ThinkPHP\Library\Think\Model.class.php 第 1185 行.
NOTIC: [8] Undefined index: auto D:\wamp\www\huawei\ThinkPHP\Library\Think\Model.class.php 第 1128 行.
SQL: UPDATE `huawei_avatar` SET `display`='1' WHERE ( id=4 ) [ RunTime:0.0895s ]
INFO: [ view_parse ] --START--
INFO: [ template_filter ] --START--
INFO: Run Behavior\ContentReplaceBehavior [ RunTime:0.000160s ]
INFO: [ template_filter ] --END-- [ RunTime:0.000514s ]
INFO: Run Behavior\ParseTemplateBehavior [ RunTime:0.050995s ]
INFO: [ view_parse ] --END-- [ RunTime:0.051329s ]
INFO: [ view_filter ] --START--
INFO: Run Behavior\WriteHtmlCacheBehavior [ RunTime:0.001006s ]
INFO: [ view_filter ] --END-- [ RunTime:0.001205s ]
INFO: [ app_end ] --START--
INFO: Run Behavior\ShowPageTraceBehavior [ RunTime:0.002194s ]
INFO: [ app_end ] --END-- [ RunTime:0.002457s ]

[ 2016-03-07T12:08:08+08:00 ] 127.0.0.1 /huawei/index.php/Admin/Avatar/index.html
INFO: [ app_init ] --START--
INFO: Run Behavior\BuildLiteBehavior [ RunTime:0.000072s ]
INFO: [ app_init ] --END-- [ RunTime:0.001407s ]
INFO: [ app_begin ] --START--
INFO: Run Behavior\ReadHtmlCacheBehavior [ RunTime:0.001138s ]
INFO: [ app_begin ] --END-- [ RunTime:0.001377s ]
SQL: SHOW COLUMNS FROM `huawei_user` [ RunTime:0.0156s ]
SQL: SHOW COLUMNS FROM `huawei_avatar` [ RunTime:0.0159s ]
SQL: SELECT COUNT(*) AS tp_count FROM `huawei_avatar` LIMIT 1   [ RunTime:0.0011s ]
SQL: SELECT * FROM `huawei_avatar` ORDER BY id desc LIMIT 0,5   [ RunTime:0.0013s ]
INFO: [ view_parse ] --START--
INFO: [ template_filter ] --START--
INFO: Run Behavior\ContentReplaceBehavior [ RunTime:0.000739s ]
INFO: [ template_filter ] --END-- [ RunTime:0.001009s ]
INFO: Run Behavior\ParseTemplateBehavior [ RunTime:0.087782s ]
INFO: [ view_parse ] --END-- [ RunTime:0.088767s ]
INFO: [ view_filter ] --START--
INFO: Run Behavior\WriteHtmlCacheBehavior [ RunTime:0.001103s ]
INFO: [ view_filter ] --END-- [ RunTime:0.001318s ]
INFO: [ app_end ] --START--
INFO: Run Behavior\ShowPageTraceBehavior [ RunTime:0.002401s ]
INFO: [ app_end ] --END-- [ RunTime:0.002726s ]

[ 2016-03-07T12:08:08+08:00 ] 127.0.0.1 /huawei/index.php/Admin/Avatar/js/ShopShow.js
INFO: [ app_init ] --START--
INFO: Run Behavior\BuildLiteBehavior [ RunTime:0.000071s ]
INFO: [ app_init ] --END-- [ RunTime:0.002064s ]
INFO: [ app_begin ] --START--
INFO: Run Behavior\ReadHtmlCacheBehavior [ RunTime:0.002748s ]
INFO: [ app_begin ] --END-- [ RunTime:0.003152s ]
SQL: SHOW COLUMNS FROM `huawei_user` [ RunTime:0.0160s ]
SQL: SHOW COLUMNS FROM `huawei_avatar` [ RunTime:0.0180s ]
INFO: [ app_end ] --START--
INFO: Run Behavior\ShowPageTraceBehavior [ RunTime:0.001888s ]
INFO: [ app_end ] --END-- [ RunTime:0.002108s ]

[ 2016-03-07T12:08:13+08:00 ] 127.0.0.1 /huawei/index.php/Admin/Avatar/no_pass/id/4.html
INFO: [ app_init ] --START--
INFO: Run Behavior\BuildLiteBehavior [ RunTime:0.000049s ]
INFO: [ app_init ] --END-- [ RunTime:0.000932s ]
INFO: [ app_begin ] --START--
INFO: Run Behavior\ReadHtmlCacheBehavior [ RunTime:0.001258s ]
INFO: [ app_begin ] --END-- [ RunTime:0.001541s ]
SQL: SHOW COLUMNS FROM `huawei_user` [ RunTime:0.0210s ]
SQL: SHOW COLUMNS FROM `huawei_avatar` [ RunTime:0.0196s ]
NOTIC: [8] Undefined index: validate D:\wamp\www\huawei\ThinkPHP\Library\Think\Model.class.php 第 1185 行.
NOTIC: [8] Undefined index: auto D:\wamp\www\huawei\ThinkPHP\Library\Think\Model.class.php 第 1128 行.
SQL: UPDATE `huawei_avatar` SET `display`='2' WHERE ( id=4 ) [ RunTime:0.0477s ]
INFO: [ view_parse ] --START--
INFO: [ template_filter ] --START--
INFO: Run Behavior\ContentReplaceBehavior [ RunTime:0.000182s ]
INFO: [ template_filter ] --END-- [ RunTime:0.000428s ]
INFO: Run Behavior\ParseTemplateBehavior [ RunTime:0.022540s ]
INFO: [ view_parse ] --END-- [ RunTime:0.022958s ]
INFO: [ view_filter ] --START--
INFO: Run Behavior\WriteHtmlCacheBehavior [ RunTime:0.001239s ]
INFO: [ view_filter ] --END-- [ RunTime:0.001490s ]
INFO: [ app_end ] --START--
INFO: Run Behavior\ShowPageTraceBehavior [ RunTime:0.001557s ]
INFO: [ app_end ] --END-- [ RunTime:0.002469s ]

[ 2016-03-07T12:08:15+08:00 ] 127.0.0.1 /huawei/index.php/Admin/Avatar/index.html
INFO: [ app_init ] --START--
INFO: Run Behavior\BuildLiteBehavior [ RunTime:0.000072s ]
INFO: [ app_init ] --END-- [ RunTime:0.001832s ]
INFO: [ app_begin ] --START--
INFO: Run Behavior\ReadHtmlCacheBehavior [ RunTime:0.001604s ]
INFO: [ app_begin ] --END-- [ RunTime:0.002449s ]
SQL: SHOW COLUMNS FROM `huawei_user` [ RunTime:0.0172s ]
SQL: SHOW COLUMNS FROM `huawei_avatar` [ RunTime:0.0150s ]
SQL: SELECT COUNT(*) AS tp_count FROM `huawei_avatar` LIMIT 1   [ RunTime:0.0012s ]
SQL: SELECT * FROM `huawei_avatar` ORDER BY id desc LIMIT 0,5   [ RunTime:0.0010s ]
INFO: [ view_parse ] --START--
INFO: [ template_filter ] --START--
INFO: Run Behavior\ContentReplaceBehavior [ RunTime:0.000914s ]
INFO: [ template_filter ] --END-- [ RunTime:0.001904s ]
INFO: Run Behavior\ParseTemplateBehavior [ RunTime:0.094541s ]
INFO: [ view_parse ] --END-- [ RunTime:0.094801s ]
INFO: [ view_filter ] --START--
INFO: Run Behavior\WriteHtmlCacheBehavior [ RunTime:0.001327s ]
INFO: [ view_filter ] --END-- [ RunTime:0.001644s ]
INFO: [ app_end ] --START--
INFO: Run Behavior\ShowPageTraceBehavior [ RunTime:0.001998s ]
INFO: [ app_end ] --END-- [ RunTime:0.002263s ]

[ 2016-03-07T12:08:15+08:00 ] 127.0.0.1 /huawei/index.php/Admin/Avatar/js/ShopShow.js
INFO: [ app_init ] --START--
INFO: Run Behavior\BuildLiteBehavior [ RunTime:0.000044s ]
INFO: [ app_init ] --END-- [ RunTime:0.000875s ]
INFO: [ app_begin ] --START--
INFO: Run Behavior\ReadHtmlCacheBehavior [ RunTime:0.001086s ]
INFO: [ app_begin ] --END-- [ RunTime:0.001303s ]
SQL: SHOW COLUMNS FROM `huawei_user` [ RunTime:0.0197s ]
SQL: SHOW COLUMNS FROM `huawei_avatar` [ RunTime:0.0191s ]
INFO: [ app_end ] --START--
INFO: Run Behavior\ShowPageTraceBehavior [ RunTime:0.001682s ]
INFO: [ app_end ] --END-- [ RunTime:0.001958s ]

[ 2016-03-07T12:08:20+08:00 ] 127.0.0.1 /huawei/index.php/Admin/Avatar/delete/id/4.html
INFO: [ app_init ] --START--
INFO: Run Behavior\BuildLiteBehavior [ RunTime:0.000073s ]
INFO: [ app_init ] --END-- [ RunTime:0.001312s ]
INFO: [ app_begin ] --START--
INFO: Run Behavior\ReadHtmlCacheBehavior [ RunTime:0.001758s ]
INFO: [ app_begin ] --END-- [ RunTime:0.002140s ]
SQL: SHOW COLUMNS FROM `huawei_user` [ RunTime:0.0194s ]
SQL: SHOW COLUMNS FROM `huawei_avatar` [ RunTime:0.0228s ]
NOTIC: [8] Undefined index: validate D:\wamp\www\huawei\ThinkPHP\Library\Think\Model.class.php 第 1185 行.
NOTIC: [8] Undefined index: auto D:\wamp\www\huawei\ThinkPHP\Library\Think\Model.class.php 第 1128 行.
SQL: SELECT * FROM `huawei_avatar` WHERE `id` = 4 LIMIT 1   [ RunTime:0.0020s ]
SQL: UPDATE `huawei_avatar` SET `largeavatar`='avatar_no_pass.jpg',`middleavatar`='avatar_no_pass.jpg',`smallavatar`='avatar_no_pass.jpg' WHERE ( id=4 ) [ RunTime:0.0047s ]
INFO: [ view_parse ] --START--
INFO: [ template_filter ] --START--
INFO: Run Behavior\ContentReplaceBehavior [ RunTime:0.000286s ]
INFO: [ template_filter ] --END-- [ RunTime:0.000679s ]
INFO: Run Behavior\ParseTemplateBehavior [ RunTime:0.024397s ]
INFO: [ view_parse ] --END-- [ RunTime:0.024835s ]
INFO: [ view_filter ] --START--
INFO: Run Behavior\WriteHtmlCacheBehavior [ RunTime:0.002704s ]
INFO: [ view_filter ] --END-- [ RunTime:0.003145s ]
INFO: [ app_end ] --START--
INFO: Run Behavior\ShowPageTraceBehavior [ RunTime:0.002387s ]
INFO: [ app_end ] --END-- [ RunTime:0.002639s ]

[ 2016-03-07T12:08:21+08:00 ] 127.0.0.1 /huawei/index.php/Admin/Avatar/index.html
INFO: [ app_init ] --START--
INFO: Run Behavior\BuildLiteBehavior [ RunTime:0.000046s ]
INFO: [ app_init ] --END-- [ RunTime:0.001148s ]
INFO: [ app_begin ] --START--
INFO: Run Behavior\ReadHtmlCacheBehavior [ RunTime:0.001649s ]
INFO: [ app_begin ] --END-- [ RunTime:0.001899s ]
SQL: SHOW COLUMNS FROM `huawei_user` [ RunTime:0.0158s ]
SQL: SHOW COLUMNS FROM `huawei_avatar` [ RunTime:0.0161s ]
SQL: SELECT COUNT(*) AS tp_count FROM `huawei_avatar` LIMIT 1   [ RunTime:0.0012s ]
SQL: SELECT * FROM `huawei_avatar` ORDER BY id desc LIMIT 0,5   [ RunTime:0.0011s ]
INFO: [ view_parse ] --START--
INFO: [ template_filter ] --START--
INFO: Run Behavior\ContentReplaceBehavior [ RunTime:0.001023s ]
INFO: [ template_filter ] --END-- [ RunTime:0.001318s ]
INFO: Run Behavior\ParseTemplateBehavior [ RunTime:0.091572s ]
INFO: [ view_parse ] --END-- [ RunTime:0.091966s ]
INFO: [ view_filter ] --START--
INFO: Run Behavior\WriteHtmlCacheBehavior [ RunTime:0.000824s ]
INFO: [ view_filter ] --END-- [ RunTime:0.001031s ]
INFO: [ app_end ] --START--
INFO: Run Behavior\ShowPageTraceBehavior [ RunTime:0.001528s ]
INFO: [ app_end ] --END-- [ RunTime:0.001869s ]

[ 2016-03-07T12:08:22+08:00 ] 127.0.0.1 /huawei/index.php/Admin/Avatar/js/ShopShow.js
INFO: [ app_init ] --START--
INFO: Run Behavior\BuildLiteBehavior [ RunTime:0.000074s ]
INFO: [ app_init ] --END-- [ RunTime:0.001165s ]
INFO: [ app_begin ] --START--
INFO: Run Behavior\ReadHtmlCacheBehavior [ RunTime:0.001111s ]
INFO: [ app_begin ] --END-- [ RunTime:0.001353s ]
SQL: SHOW COLUMNS FROM `huawei_user` [ RunTime:0.0164s ]
SQL: SHOW COLUMNS FROM `huawei_avatar` [ RunTime:0.0187s ]
INFO: [ app_end ] --START--
INFO: Run Behavior\ShowPageTraceBehavior [ RunTime:0.002256s ]
INFO: [ app_end ] --END-- [ RunTime:0.002646s ]

[ 2016-03-07T12:08:43+08:00 ] 127.0.0.1 /huawei/index.php/Admin/Avatar/index.html
INFO: [ app_init ] --START--
INFO: Run Behavior\BuildLiteBehavior [ RunTime:0.000051s ]
INFO: [ app_init ] --END-- [ RunTime:0.001075s ]
INFO: [ app_begin ] --START--
INFO: Run Behavior\ReadHtmlCacheBehavior [ RunTime:0.001034s ]
INFO: [ app_begin ] --END-- [ RunTime:0.001250s ]
SQL: SHOW COLUMNS FROM `huawei_user` [ RunTime:0.0201s ]
SQL: SHOW COLUMNS FROM `huawei_avatar` [ RunTime:0.0213s ]
SQL: SELECT COUNT(*) AS tp_count FROM `huawei_avatar` LIMIT 1   [ RunTime:0.0008s ]
SQL: SELECT * FROM `huawei_avatar` ORDER BY id desc LIMIT 0,5   [ RunTime:0.0008s ]
INFO: [ view_parse ] --START--
INFO: [ template_filter ] --START--
INFO: Run Behavior\ContentReplaceBehavior [ RunTime:0.001186s ]
INFO: [ template_filter ] --END-- [ RunTime:0.001590s ]
INFO: Run Behavior\ParseTemplateBehavior [ RunTime:0.095748s ]
INFO: [ view_parse ] --END-- [ RunTime:0.096047s ]
INFO: [ view_filter ] --START--
INFO: Run Behavior\WriteHtmlCacheBehavior [ RunTime:0.001564s ]
INFO: [ view_filter ] --END-- [ RunTime:0.001877s ]
INFO: [ app_end ] --START--
INFO: Run Behavior\ShowPageTraceBehavior [ RunTime:0.001926s ]
INFO: [ app_end ] --END-- [ RunTime:0.002248s ]

[ 2016-03-07T12:08:44+08:00 ] 127.0.0.1 /huawei/index.php/Admin/Avatar/js/ShopShow.js
INFO: [ app_init ] --START--
INFO: Run Behavior\BuildLiteBehavior [ RunTime:0.000076s ]
INFO: [ app_init ] --END-- [ RunTime:0.001394s ]
INFO: [ app_begin ] --START--
INFO: Run Behavior\ReadHtmlCacheBehavior [ RunTime:0.003487s ]
INFO: [ app_begin ] --END-- [ RunTime:0.003874s ]
SQL: SHOW COLUMNS FROM `huawei_user` [ RunTime:0.0224s ]
SQL: SHOW COLUMNS FROM `huawei_avatar` [ RunTime:0.0216s ]
INFO: [ app_end ] --START--
INFO: Run Behavior\ShowPageTraceBehavior [ RunTime:0.002743s ]
INFO: [ app_end ] --END-- [ RunTime:0.003143s ]

[ 2016-03-07T12:08:47+08:00 ] 127.0.0.1 /huawei/index.php/Admin/Avatar/pass/id/4.html
INFO: [ app_init ] --START--
INFO: Run Behavior\BuildLiteBehavior [ RunTime:0.000074s ]
INFO: [ app_init ] --END-- [ RunTime:0.001302s ]
INFO: [ app_begin ] --START--
INFO: Run Behavior\ReadHtmlCacheBehavior [ RunTime:0.001211s ]
INFO: [ app_begin ] --END-- [ RunTime:0.001456s ]
SQL: SHOW COLUMNS FROM `huawei_user` [ RunTime:0.0190s ]
SQL: SHOW COLUMNS FROM `huawei_avatar` [ RunTime:0.0181s ]
NOTIC: [8] Undefined index: validate D:\wamp\www\huawei\ThinkPHP\Library\Think\Model.class.php 第 1185 行.
NOTIC: [8] Undefined index: auto D:\wamp\www\huawei\ThinkPHP\Library\Think\Model.class.php 第 1128 行.
SQL: UPDATE `huawei_avatar` SET `display`='1' WHERE ( id=4 ) [ RunTime:0.0491s ]
INFO: [ view_parse ] --START--
INFO: [ template_filter ] --START--
INFO: Run Behavior\ContentReplaceBehavior [ RunTime:0.000249s ]
INFO: [ template_filter ] --END-- [ RunTime:0.000622s ]
INFO: Run Behavior\ParseTemplateBehavior [ RunTime:0.024831s ]
INFO: [ view_parse ] --END-- [ RunTime:0.025217s ]
INFO: [ view_filter ] --START--
INFO: Run Behavior\WriteHtmlCacheBehavior [ RunTime:0.001066s ]
INFO: [ view_filter ] --END-- [ RunTime:0.001315s ]
INFO: [ app_end ] --START--
INFO: Run Behavior\ShowPageTraceBehavior [ RunTime:0.001803s ]
INFO: [ app_end ] --END-- [ RunTime:0.001999s ]

[ 2016-03-07T12:08:48+08:00 ] 127.0.0.1 /huawei/index.php/Admin/Avatar/index.html
INFO: [ app_init ] --START--
INFO: Run Behavior\BuildLiteBehavior [ RunTime:0.000076s ]
INFO: [ app_init ] --END-- [ RunTime:0.001422s ]
INFO: [ app_begin ] --START--
INFO: Run Behavior\ReadHtmlCacheBehavior [ RunTime:0.002963s ]
INFO: [ app_begin ] --END-- [ RunTime:0.003298s ]
SQL: SHOW COLUMNS FROM `huawei_user` [ RunTime:0.0159s ]
SQL: SHOW COLUMNS FROM `huawei_avatar` [ RunTime:0.0153s ]
SQL: SELECT COUNT(*) AS tp_count FROM `huawei_avatar` LIMIT 1   [ RunTime:0.0007s ]
SQL: SELECT * FROM `huawei_avatar` ORDER BY id desc LIMIT 0,5   [ RunTime:0.0007s ]
INFO: [ view_parse ] --START--
INFO: [ template_filter ] --START--
INFO: Run Behavior\ContentReplaceBehavior [ RunTime:0.000793s ]
INFO: [ template_filter ] --END-- [ RunTime:0.001029s ]
INFO: Run Behavior\ParseTemplateBehavior [ RunTime:0.078420s ]
INFO: [ view_parse ] --END-- [ RunTime:0.078693s ]
INFO: [ view_filter ] --START--
INFO: Run Behavior\WriteHtmlCacheBehavior [ RunTime:0.001021s ]
INFO: [ view_filter ] --END-- [ RunTime:0.001208s ]
INFO: [ app_end ] --START--
INFO: Run Behavior\ShowPageTraceBehavior [ RunTime:0.001587s ]
INFO: [ app_end ] --END-- [ RunTime:0.001835s ]

[ 2016-03-07T12:08:49+08:00 ] 127.0.0.1 /huawei/index.php/Admin/Avatar/js/ShopShow.js
INFO: [ app_init ] --START--
INFO: Run Behavior\BuildLiteBehavior [ RunTime:0.000063s ]
INFO: [ app_init ] --END-- [ RunTime:0.001250s ]
INFO: [ app_begin ] --START--
INFO: Run Behavior\ReadHtmlCacheBehavior [ RunTime:0.001139s ]
INFO: [ app_begin ] --END-- [ RunTime:0.001425s ]
SQL: SHOW COLUMNS FROM `huawei_user` [ RunTime:0.0160s ]
SQL: SHOW COLUMNS FROM `huawei_avatar` [ RunTime:0.0184s ]
INFO: [ app_end ] --START--
INFO: Run Behavior\ShowPageTraceBehavior [ RunTime:0.002164s ]
INFO: [ app_end ] --END-- [ RunTime:0.002485s ]

[ 2016-03-07T12:08:53+08:00 ] 127.0.0.1 /huawei/index.php/Admin/Avatar/no_pass/id/4.html
INFO: [ app_init ] --START--
INFO: Run Behavior\BuildLiteBehavior [ RunTime:0.000080s ]
INFO: [ app_init ] --END-- [ RunTime:0.001368s ]
INFO: [ app_begin ] --START--
INFO: Run Behavior\ReadHtmlCacheBehavior [ RunTime:0.002465s ]
INFO: [ app_begin ] --END-- [ RunTime:0.002841s ]
SQL: SHOW COLUMNS FROM `huawei_user` [ RunTime:0.0156s ]
SQL: SHOW COLUMNS FROM `huawei_avatar` [ RunTime:0.0233s ]
NOTIC: [8] Undefined index: validate D:\wamp\www\huawei\ThinkPHP\Library\Think\Model.class.php 第 1185 行.
NOTIC: [8] Undefined index: auto D:\wamp\www\huawei\ThinkPHP\Library\Think\Model.class.php 第 1128 行.
SQL: UPDATE `huawei_avatar` SET `display`='2' WHERE ( id=4 ) [ RunTime:0.0531s ]
INFO: [ view_parse ] --START--
INFO: [ template_filter ] --START--
INFO: Run Behavior\ContentReplaceBehavior [ RunTime:0.000283s ]
INFO: [ template_filter ] --END-- [ RunTime:0.000772s ]
INFO: Run Behavior\ParseTemplateBehavior [ RunTime:0.023493s ]
INFO: [ view_parse ] --END-- [ RunTime:0.023935s ]
INFO: [ view_filter ] --START--
INFO: Run Behavior\WriteHtmlCacheBehavior [ RunTime:0.000984s ]
INFO: [ view_filter ] --END-- [ RunTime:0.001181s ]
INFO: [ app_end ] --START--
INFO: Run Behavior\ShowPageTraceBehavior [ RunTime:0.002641s ]
INFO: [ app_end ] --END-- [ RunTime:0.002915s ]

[ 2016-03-07T12:08:54+08:00 ] 127.0.0.1 /huawei/index.php/Admin/Avatar/index.html
INFO: [ app_init ] --START--
INFO: Run Behavior\BuildLiteBehavior [ RunTime:0.000050s ]
INFO: [ app_init ] --END-- [ RunTime:0.000980s ]
INFO: [ app_begin ] --START--
INFO: Run Behavior\ReadHtmlCacheBehavior [ RunTime:0.001095s ]
INFO: [ app_begin ] --END-- [ RunTime:0.001318s ]
SQL: SHOW COLUMNS FROM `huawei_user` [ RunTime:0.0160s ]
SQL: SHOW COLUMNS FROM `huawei_avatar` [ RunTime:0.0148s ]
SQL: SELECT COUNT(*) AS tp_count FROM `huawei_avatar` LIMIT 1   [ RunTime:0.0008s ]
SQL: SELECT * FROM `huawei_avatar` ORDER BY id desc LIMIT 0,5   [ RunTime:0.0009s ]
INFO: [ view_parse ] --START--
INFO: [ template_filter ] --START--
INFO: Run Behavior\ContentReplaceBehavior [ RunTime:0.000801s ]
INFO: [ template_filter ] --END-- [ RunTime:0.001044s ]
INFO: Run Behavior\ParseTemplateBehavior [ RunTime:0.079934s ]
INFO: [ view_parse ] --END-- [ RunTime:0.080340s ]
INFO: [ view_filter ] --START--
INFO: Run Behavior\WriteHtmlCacheBehavior [ RunTime:0.001252s ]
INFO: [ view_filter ] --END-- [ RunTime:0.001457s ]
INFO: [ app_end ] --START--
INFO: Run Behavior\ShowPageTraceBehavior [ RunTime:0.001314s ]
INFO: [ app_end ] --END-- [ RunTime:0.001534s ]

[ 2016-03-07T12:08:54+08:00 ] 127.0.0.1 /huawei/index.php/Admin/Avatar/js/ShopShow.js
INFO: [ app_init ] --START--
INFO: Run Behavior\BuildLiteBehavior [ RunTime:0.000052s ]
INFO: [ app_init ] --END-- [ RunTime:0.001527s ]
INFO: [ app_begin ] --START--
INFO: Run Behavior\ReadHtmlCacheBehavior [ RunTime:0.001493s ]
INFO: [ app_begin ] --END-- [ RunTime:0.001835s ]
SQL: SHOW COLUMNS FROM `huawei_user` [ RunTime:0.0184s ]
SQL: SHOW COLUMNS FROM `huawei_avatar` [ RunTime:0.0200s ]
INFO: [ app_end ] --START--
INFO: Run Behavior\ShowPageTraceBehavior [ RunTime:0.002091s ]
INFO: [ app_end ] --END-- [ RunTime:0.002437s ]

[ 2016-03-07T12:08:56+08:00 ] 127.0.0.1 /huawei/index.php/Admin/Avatar/delete/id/4.html
INFO: [ app_init ] --START--
INFO: Run Behavior\BuildLiteBehavior [ RunTime:0.000049s ]
INFO: [ app_init ] --END-- [ RunTime:0.000951s ]
INFO: [ app_begin ] --START--
INFO: Run Behavior\ReadHtmlCacheBehavior [ RunTime:0.001258s ]
INFO: [ app_begin ] --END-- [ RunTime:0.001505s ]
SQL: SHOW COLUMNS FROM `huawei_user` [ RunTime:0.0148s ]
SQL: SHOW COLUMNS FROM `huawei_avatar` [ RunTime:0.0151s ]
NOTIC: [8] Undefined index: validate D:\wamp\www\huawei\ThinkPHP\Library\Think\Model.class.php 第 1185 行.
NOTIC: [8] Undefined index: auto D:\wamp\www\huawei\ThinkPHP\Library\Think\Model.class.php 第 1128 行.
SQL: SELECT * FROM `huawei_avatar` WHERE `id` = 4 LIMIT 1   [ RunTime:0.0009s ]
SQL: UPDATE `huawei_avatar` SET `largeavatar`='avatar_no_pass.jpg',`middleavatar`='avatar_no_pass.jpg',`smallavatar`='avatar_no_pass.jpg' WHERE ( id=4 ) [ RunTime:0.0024s ]
INFO: [ view_parse ] --START--
INFO: [ template_filter ] --START--
INFO: Run Behavior\ContentReplaceBehavior [ RunTime:0.000163s ]
INFO: [ template_filter ] --END-- [ RunTime:0.000392s ]
INFO: Run Behavior\ParseTemplateBehavior [ RunTime:0.016637s ]
INFO: [ view_parse ] --END-- [ RunTime:0.016914s ]
INFO: [ view_filter ] --START--
INFO: Run Behavior\WriteHtmlCacheBehavior [ RunTime:0.001593s ]
INFO: [ view_filter ] --END-- [ RunTime:0.001797s ]
INFO: [ app_end ] --START--
INFO: Run Behavior\ShowPageTraceBehavior [ RunTime:0.001601s ]
INFO: [ app_end ] --END-- [ RunTime:0.001791s ]

[ 2016-03-07T12:08:58+08:00 ] 127.0.0.1 /huawei/index.php/Admin/Avatar/index.html
INFO: [ app_init ] --START--
INFO: Run Behavior\BuildLiteBehavior [ RunTime:0.000049s ]
INFO: [ app_init ] --END-- [ RunTime:0.001326s ]
INFO: [ app_begin ] --START--
INFO: Run Behavior\ReadHtmlCacheBehavior [ RunTime:0.001547s ]
INFO: [ app_begin ] --END-- [ RunTime:0.001780s ]
SQL: SHOW COLUMNS FROM `huawei_user` [ RunTime:0.0146s ]
SQL: SHOW COLUMNS FROM `huawei_avatar` [ RunTime:0.0167s ]
SQL: SELECT COUNT(*) AS tp_count FROM `huawei_avatar` LIMIT 1   [ RunTime:0.0008s ]
SQL: SELECT * FROM `huawei_avatar` ORDER BY id desc LIMIT 0,5   [ RunTime:0.0008s ]
INFO: [ view_parse ] --START--
INFO: [ template_filter ] --START--
INFO: Run Behavior\ContentReplaceBehavior [ RunTime:0.000779s ]
INFO: [ template_filter ] --END-- [ RunTime:0.001024s ]
INFO: Run Behavior\ParseTemplateBehavior [ RunTime:0.156770s ]
INFO: [ view_parse ] --END-- [ RunTime:0.157185s ]
INFO: [ view_filter ] --START--
INFO: Run Behavior\WriteHtmlCacheBehavior [ RunTime:0.001182s ]
INFO: [ view_filter ] --END-- [ RunTime:0.001460s ]
INFO: [ app_end ] --START--
INFO: Run Behavior\ShowPageTraceBehavior [ RunTime:0.001582s ]
INFO: [ app_end ] --END-- [ RunTime:0.001868s ]

[ 2016-03-07T12:08:58+08:00 ] 127.0.0.1 /huawei/index.php/Admin/Avatar/js/ShopShow.js
INFO: [ app_init ] --START--
INFO: Run Behavior\BuildLiteBehavior [ RunTime:0.000071s ]
INFO: [ app_init ] --END-- [ RunTime:0.001595s ]
INFO: [ app_begin ] --START--
INFO: Run Behavior\ReadHtmlCacheBehavior [ RunTime:0.001650s ]
INFO: [ app_begin ] --END-- [ RunTime:0.001952s ]
SQL: SHOW COLUMNS FROM `huawei_user` [ RunTime:0.0130s ]
SQL: SHOW COLUMNS FROM `huawei_avatar` [ RunTime:0.0127s ]
INFO: [ app_end ] --START--
INFO: Run Behavior\ShowPageTraceBehavior [ RunTime:0.001203s ]
INFO: [ app_end ] --END-- [ RunTime:0.001412s ]

[ 2016-03-07T12:09:47+08:00 ] 127.0.0.1 /huawei/index.php/Admin/Avatar/index.html
INFO: [ app_init ] --START--
INFO: Run Behavior\BuildLiteBehavior [ RunTime:0.000070s ]
INFO: [ app_init ] --END-- [ RunTime:0.001480s ]
INFO: [ app_begin ] --START--
INFO: Run Behavior\ReadHtmlCacheBehavior [ RunTime:0.001768s ]
INFO: [ app_begin ] --END-- [ RunTime:0.001980s ]
SQL: SHOW COLUMNS FROM `huawei_user` [ RunTime:0.0160s ]
SQL: SHOW COLUMNS FROM `huawei_avatar` [ RunTime:0.0152s ]
SQL: SELECT COUNT(*) AS tp_count FROM `huawei_avatar` LIMIT 1   [ RunTime:0.0006s ]
SQL: SELECT * FROM `huawei_avatar` ORDER BY id desc LIMIT 0,5   [ RunTime:0.0007s ]
INFO: [ view_parse ] --START--
INFO: [ template_filter ] --START--
INFO: Run Behavior\ContentReplaceBehavior [ RunTime:0.000753s ]
INFO: [ template_filter ] --END-- [ RunTime:0.000992s ]
INFO: Run Behavior\ParseTemplateBehavior [ RunTime:0.079116s ]
INFO: [ view_parse ] --END-- [ RunTime:0.079397s ]
INFO: [ view_filter ] --START--
INFO: Run Behavior\WriteHtmlCacheBehavior [ RunTime:0.001298s ]
INFO: [ view_filter ] --END-- [ RunTime:0.001548s ]
INFO: [ app_end ] --START--
INFO: Run Behavior\ShowPageTraceBehavior [ RunTime:0.001411s ]
INFO: [ app_end ] --END-- [ RunTime:0.001599s ]

[ 2016-03-07T12:09:48+08:00 ] 127.0.0.1 /huawei/index.php/Admin/Avatar/js/ShopShow.js
INFO: [ app_init ] --START--
INFO: Run Behavior\BuildLiteBehavior [ RunTime:0.000047s ]
INFO: [ app_init ] --END-- [ RunTime:0.001055s ]
INFO: [ app_begin ] --START--
INFO: Run Behavior\ReadHtmlCacheBehavior [ RunTime:0.002922s ]
INFO: [ app_begin ] --END-- [ RunTime:0.003287s ]
SQL: SHOW COLUMNS FROM `huawei_user` [ RunTime:0.0193s ]
SQL: SHOW COLUMNS FROM `huawei_avatar` [ RunTime:0.0209s ]
INFO: [ app_end ] --START--
INFO: Run Behavior\ShowPageTraceBehavior [ RunTime:0.002109s ]
INFO: [ app_end ] --END-- [ RunTime:0.005349s ]

[ 2016-03-07T12:12:44+08:00 ] 127.0.0.1 /huawei/index.php/Admin/User/index.html
INFO: [ app_init ] --START--
INFO: Run Behavior\BuildLiteBehavior [ RunTime:0.000055s ]
INFO: [ app_init ] --END-- [ RunTime:0.001252s ]
INFO: [ app_begin ] --START--
INFO: Run Behavior\ReadHtmlCacheBehavior [ RunTime:0.001149s ]
INFO: [ app_begin ] --END-- [ RunTime:0.001381s ]
SQL: SHOW COLUMNS FROM `huawei_user` [ RunTime:0.0154s ]
SQL: SELECT COUNT(*) AS tp_count FROM `huawei_user` LIMIT 1   [ RunTime:0.0010s ]
SQL: SELECT * FROM `huawei_user` ORDER BY id asc LIMIT 0,5   [ RunTime:0.0008s ]
INFO: [ view_parse ] --START--
INFO: [ template_filter ] --START--
INFO: Run Behavior\ContentReplaceBehavior [ RunTime:0.002176s ]
INFO: [ template_filter ] --END-- [ RunTime:0.002540s ]
NOTIC: [8] Undefined index: p D:\wamp\www\huawei\Application\Runtime\Cache\Admin\65e605872ed5d34210f5b33beb13f5a3.php 第 752 行.
NOTIC: [8] Undefined variable: s D:\wamp\www\huawei\Application\Runtime\Cache\Admin\65e605872ed5d34210f5b33beb13f5a3.php 第 752 行.
NOTIC: [8] Undefined variable: s D:\wamp\www\huawei\Application\Runtime\Cache\Admin\65e605872ed5d34210f5b33beb13f5a3.php 第 752 行.
NOTIC: [8] Undefined index: p D:\wamp\www\huawei\Application\Runtime\Cache\Admin\65e605872ed5d34210f5b33beb13f5a3.php 第 753 行.
NOTIC: [8] Undefined variable: s D:\wamp\www\huawei\Application\Runtime\Cache\Admin\65e605872ed5d34210f5b33beb13f5a3.php 第 753 行.
NOTIC: [8] Undefined variable: s D:\wamp\www\huawei\Application\Runtime\Cache\Admin\65e605872ed5d34210f5b33beb13f5a3.php 第 753 行.
NOTIC: [8] Undefined index: p D:\wamp\www\huawei\Application\Runtime\Cache\Admin\65e605872ed5d34210f5b33beb13f5a3.php 第 754 行.
NOTIC: [8] Undefined variable: s D:\wamp\www\huawei\Application\Runtime\Cache\Admin\65e605872ed5d34210f5b33beb13f5a3.php 第 754 行.
NOTIC: [8] Undefined variable: s D:\wamp\www\huawei\Application\Runtime\Cache\Admin\65e605872ed5d34210f5b33beb13f5a3.php 第 754 行.
NOTIC: [8] Undefined index: p D:\wamp\www\huawei\Application\Runtime\Cache\Admin\65e605872ed5d34210f5b33beb13f5a3.php 第 752 行.
NOTIC: [8] Undefined variable: s D:\wamp\www\huawei\Application\Runtime\Cache\Admin\65e605872ed5d34210f5b33beb13f5a3.php 第 752 行.
NOTIC: [8] Undefined variable: s D:\wamp\www\huawei\Application\Runtime\Cache\Admin\65e605872ed5d34210f5b33beb13f5a3.php 第 752 行.
NOTIC: [8] Undefined index: p D:\wamp\www\huawei\Application\Runtime\Cache\Admin\65e605872ed5d34210f5b33beb13f5a3.php 第 753 行.
NOTIC: [8] Undefined variable: s D:\wamp\www\huawei\Application\Runtime\Cache\Admin\65e605872ed5d34210f5b33beb13f5a3.php 第 753 行.
NOTIC: [8] Undefined variable: s D:\wamp\www\huawei\Application\Runtime\Cache\Admin\65e605872ed5d34210f5b33beb13f5a3.php 第 753 行.
NOTIC: [8] Undefined index: p D:\wamp\www\huawei\Application\Runtime\Cache\Admin\65e605872ed5d34210f5b33beb13f5a3.php 第 754 行.
NOTIC: [8] Undefined variable: s D:\wamp\www\huawei\Application\Runtime\Cache\Admin\65e605872ed5d34210f5b33beb13f5a3.php 第 754 行.
NOTIC: [8] Undefined variable: s D:\wamp\www\huawei\Application\Runtime\Cache\Admin\65e605872ed5d34210f5b33beb13f5a3.php 第 754 行.
NOTIC: [8] Undefined index: p D:\wamp\www\huawei\Application\Runtime\Cache\Admin\65e605872ed5d34210f5b33beb13f5a3.php 第 752 行.
NOTIC: [8] Undefined variable: s D:\wamp\www\huawei\Application\Runtime\Cache\Admin\65e605872ed5d34210f5b33beb13f5a3.php 第 752 行.
NOTIC: [8] Undefined variable: s D:\wamp\www\huawei\Application\Runtime\Cache\Admin\65e605872ed5d34210f5b33beb13f5a3.php 第 752 行.
NOTIC: [8] Undefined index: p D:\wamp\www\huawei\Application\Runtime\Cache\Admin\65e605872ed5d34210f5b33beb13f5a3.php 第 753 行.
NOTIC: [8] Undefined variable: s D:\wamp\www\huawei\Application\Runtime\Cache\Admin\65e605872ed5d34210f5b33beb13f5a3.php 第 753 行.
NOTIC: [8] Undefined variable: s D:\wamp\www\huawei\Application\Runtime\Cache\Admin\65e605872ed5d34210f5b33beb13f5a3.php 第 753 行.
NOTIC: [8] Undefined index: p D:\wamp\www\huawei\Application\Runtime\Cache\Admin\65e605872ed5d34210f5b33beb13f5a3.php 第 754 行.
NOTIC: [8] Undefined variable: s D:\wamp\www\huawei\Application\Runtime\Cache\Admin\65e605872ed5d34210f5b33beb13f5a3.php 第 754 行.
NOTIC: [8] Undefined variable: s D:\wamp\www\huawei\Application\Runtime\Cache\Admin\65e605872ed5d34210f5b33beb13f5a3.php 第 754 行.
NOTIC: [8] Undefined index: p D:\wamp\www\huawei\Application\Runtime\Cache\Admin\65e605872ed5d34210f5b33beb13f5a3.php 第 752 行.
NOTIC: [8] Undefined variable: s D:\wamp\www\huawei\Application\Runtime\Cache\Admin\65e605872ed5d34210f5b33beb13f5a3.php 第 752 行.
NOTIC: [8] Undefined variable: s D:\wamp\www\huawei\Application\Runtime\Cache\Admin\65e605872ed5d34210f5b33beb13f5a3.php 第 752 行.
NOTIC: [8] Undefined index: p D:\wamp\www\huawei\Application\Runtime\Cache\Admin\65e605872ed5d34210f5b33beb13f5a3.php 第 753 行.
NOTIC: [8] Undefined variable: s D:\wamp\www\huawei\Application\Runtime\Cache\Admin\65e605872ed5d34210f5b33beb13f5a3.php 第 753 行.
NOTIC: [8] Undefined variable: s D:\wamp\www\huawei\Application\Runtime\Cache\Admin\65e605872ed5d34210f5b33beb13f5a3.php 第 753 行.
NOTIC: [8] Undefined index: p D:\wamp\www\huawei\Application\Runtime\Cache\Admin\65e605872ed5d34210f5b33beb13f5a3.php 第 754 行.
NOTIC: [8] Undefined variable: s D:\wamp\www\huawei\Application\Runtime\Cache\Admin\65e605872ed5d34210f5b33beb13f5a3.php 第 754 行.
NOTIC: [8] Undefined variable: s D:\wamp\www\huawei\Application\Runtime\Cache\Admin\65e605872ed5d34210f5b33beb13f5a3.php 第 754 行.
NOTIC: [8] Undefined index: p D:\wamp\www\huawei\Application\Runtime\Cache\Admin\65e605872ed5d34210f5b33beb13f5a3.php 第 752 行.
NOTIC: [8] Undefined variable: s D:\wamp\www\huawei\Application\Runtime\Cache\Admin\65e605872ed5d34210f5b33beb13f5a3.php 第 752 行.
NOTIC: [8] Undefined variable: s D:\wamp\www\huawei\Application\Runtime\Cache\Admin\65e605872ed5d34210f5b33beb13f5a3.php 第 752 行.
NOTIC: [8] Undefined index: p D:\wamp\www\huawei\Application\Runtime\Cache\Admin\65e605872ed5d34210f5b33beb13f5a3.php 第 753 行.
NOTIC: [8] Undefined variable: s D:\wamp\www\huawei\Application\Runtime\Cache\Admin\65e605872ed5d34210f5b33beb13f5a3.php 第 753 行.
NOTIC: [8] Undefined variable: s D:\wamp\www\huawei\Application\Runtime\Cache\Admin\65e605872ed5d34210f5b33beb13f5a3.php 第 753 行.
NOTIC: [8] Undefined index: p D:\wamp\www\huawei\Application\Runtime\Cache\Admin\65e605872ed5d34210f5b33beb13f5a3.php 第 754 行.
NOTIC: [8] Undefined variable: s D:\wamp\www\huawei\Application\Runtime\Cache\Admin\65e605872ed5d34210f5b33beb13f5a3.php 第 754 行.
NOTIC: [8] Undefined variable: s D:\wamp\www\huawei\Application\Runtime\Cache\Admin\65e605872ed5d34210f5b33beb13f5a3.php 第 754 行.
INFO: Run Behavior\ParseTemplateBehavior [ RunTime:0.147253s ]
INFO: [ view_parse ] --END-- [ RunTime:0.147560s ]
INFO: [ view_filter ] --START--
INFO: Run Behavior\WriteHtmlCacheBehavior [ RunTime:0.001680s ]
INFO: [ view_filter ] --END-- [ RunTime:0.001971s ]
INFO: [ app_end ] --START--
INFO: Run Behavior\ShowPageTraceBehavior [ RunTime:0.002969s ]
INFO: [ app_end ] --END-- [ RunTime:0.003292s ]

[ 2016-03-07T14:05:37+08:00 ] 192.168.70.254 /huawei/index.php/admin
INFO: [ app_init ] --START--
INFO: Run Behavior\BuildLiteBehavior [ RunTime:0.000057s ]
INFO: [ app_init ] --END-- [ RunTime:0.001141s ]
INFO: [ app_begin ] --START--
INFO: Run Behavior\ReadHtmlCacheBehavior [ RunTime:0.001321s ]
INFO: [ app_begin ] --END-- [ RunTime:0.001630s ]

[ 2016-03-07T14:05:38+08:00 ] 192.168.70.254 /huawei/index.php/Admin/Public/login.html
INFO: [ app_init ] --START--
INFO: Run Behavior\BuildLiteBehavior [ RunTime:0.000044s ]
INFO: [ app_init ] --END-- [ RunTime:0.000872s ]
INFO: [ app_begin ] --START--
INFO: Run Behavior\ReadHtmlCacheBehavior [ RunTime:0.001044s ]
INFO: [ app_begin ] --END-- [ RunTime:0.001301s ]
INFO: [ view_parse ] --START--
INFO: [ template_filter ] --START--
INFO: Run Behavior\ContentReplaceBehavior [ RunTime:0.000243s ]
INFO: [ template_filter ] --END-- [ RunTime:0.000480s ]
INFO: Run Behavior\ParseTemplateBehavior [ RunTime:0.032224s ]
INFO: [ view_parse ] --END-- [ RunTime:0.032450s ]
INFO: [ view_filter ] --START--
INFO: Run Behavior\WriteHtmlCacheBehavior [ RunTime:0.000592s ]
INFO: [ view_filter ] --END-- [ RunTime:0.000785s ]
INFO: [ app_end ] --START--
INFO: Run Behavior\ShowPageTraceBehavior [ RunTime:0.001005s ]
INFO: [ app_end ] --END-- [ RunTime:0.001188s ]

[ 2016-03-07T14:05:42+08:00 ] 192.168.70.254 /huawei/index.php/Admin/Public/dologin.html
INFO: [ app_init ] --START--
INFO: Run Behavior\BuildLiteBehavior [ RunTime:0.000044s ]
INFO: [ app_init ] --END-- [ RunTime:0.000870s ]
INFO: [ app_begin ] --START--
INFO: Run Behavior\ReadHtmlCacheBehavior [ RunTime:0.000998s ]
INFO: [ app_begin ] --END-- [ RunTime:0.001206s ]
SQL: SHOW COLUMNS FROM `huawei_admin` [ RunTime:0.0157s ]
SQL: SELECT * FROM `huawei_admin` WHERE `admin_user` = 'admin' LIMIT 1   [ RunTime:0.0012s ]
SQL: SHOW COLUMNS FROM `huawei_work` [ RunTime:0.0127s ]
SQL: SHOW COLUMNS FROM `huawei_player_work` [ RunTime:0.0134s ]
SQL: SHOW COLUMNS FROM `huawei_admin_player` [ RunTime:0.0119s ]
SQL: SELECT `controller_name`,`do_name` FROM `huawei_work` WHERE ( id in( SELECT `work_id` FROM `huawei_player_work` WHERE ( player_id in ( SELECT `player_id` FROM `huawei_admin_player` WHERE `admin_id` = '1'  ) )  ) )  [ RunTime:0.0016s ]

[ 2016-03-07T14:05:43+08:00 ] 192.168.70.254 /huawei/index.php/Admin/Index/index.html
INFO: [ app_init ] --START--
INFO: Run Behavior\BuildLiteBehavior [ RunTime:0.000048s ]
INFO: [ app_init ] --END-- [ RunTime:0.001019s ]
INFO: [ app_begin ] --START--
INFO: Run Behavior\ReadHtmlCacheBehavior [ RunTime:0.001002s ]
INFO: [ app_begin ] --END-- [ RunTime:0.001198s ]
INFO: [ view_parse ] --START--
INFO: [ template_filter ] --START--
INFO: Run Behavior\ContentReplaceBehavior [ RunTime:0.001065s ]
INFO: [ template_filter ] --END-- [ RunTime:0.001301s ]
INFO: Run Behavior\ParseTemplateBehavior [ RunTime:0.107655s ]
INFO: [ view_parse ] --END-- [ RunTime:0.107880s ]
INFO: [ view_filter ] --START--
INFO: Run Behavior\WriteHtmlCacheBehavior [ RunTime:0.000950s ]
INFO: [ view_filter ] --END-- [ RunTime:0.001137s ]
INFO: [ app_end ] --START--
INFO: Run Behavior\ShowPageTraceBehavior [ RunTime:0.001203s ]
INFO: [ app_end ] --END-- [ RunTime:0.001395s ]

[ 2016-03-07T14:05:46+08:00 ] 192.168.70.254 /huawei/index.php/Admin/Avatar/index.html
INFO: [ app_init ] --START--
INFO: Run Behavior\BuildLiteBehavior [ RunTime:0.000058s ]
INFO: [ app_init ] --END-- [ RunTime:0.001107s ]
INFO: [ app_begin ] --START--
INFO: Run Behavior\ReadHtmlCacheBehavior [ RunTime:0.001363s ]
INFO: [ app_begin ] --END-- [ RunTime:0.001614s ]
SQL: SHOW COLUMNS FROM `huawei_user` [ RunTime:0.0126s ]
SQL: SHOW COLUMNS FROM `huawei_avatar` [ RunTime:0.0130s ]
SQL: SELECT COUNT(*) AS tp_count FROM `huawei_avatar` LIMIT 1   [ RunTime:0.0009s ]
SQL: SELECT * FROM `huawei_avatar` ORDER BY id desc LIMIT 0,5   [ RunTime:0.0008s ]
INFO: [ view_parse ] --START--
INFO: [ template_filter ] --START--
INFO: Run Behavior\ContentReplaceBehavior [ RunTime:0.000834s ]
INFO: [ template_filter ] --END-- [ RunTime:0.001063s ]
INFO: Run Behavior\ParseTemplateBehavior [ RunTime:0.115426s ]
INFO: [ view_parse ] --END-- [ RunTime:0.115890s ]
INFO: [ view_filter ] --START--
INFO: Run Behavior\WriteHtmlCacheBehavior [ RunTime:0.000889s ]
INFO: [ view_filter ] --END-- [ RunTime:0.001080s ]
INFO: [ app_end ] --START--
INFO: Run Behavior\ShowPageTraceBehavior [ RunTime:0.001189s ]
INFO: [ app_end ] --END-- [ RunTime:0.001381s ]

[ 2016-03-07T14:05:46+08:00 ] 192.168.70.254 /huawei/index.php/Admin/Avatar/js/ShopShow.js
INFO: [ app_init ] --START--
INFO: Run Behavior\BuildLiteBehavior [ RunTime:0.000046s ]
INFO: [ app_init ] --END-- [ RunTime:0.000921s ]
INFO: [ app_begin ] --START--
INFO: Run Behavior\ReadHtmlCacheBehavior [ RunTime:0.001011s ]
INFO: [ app_begin ] --END-- [ RunTime:0.001223s ]
SQL: SHOW COLUMNS FROM `huawei_user` [ RunTime:0.0128s ]
SQL: SHOW COLUMNS FROM `huawei_avatar` [ RunTime:0.0141s ]
INFO: [ app_end ] --START--
INFO: Run Behavior\ShowPageTraceBehavior [ RunTime:0.001220s ]
INFO: [ app_end ] --END-- [ RunTime:0.001430s ]

[ 2016-03-07T14:05:47+08:00 ] 192.168.70.254 /huawei/index.php/Admin/Avatar/js/ShopShow.js
INFO: [ app_init ] --START--
INFO: Run Behavior\BuildLiteBehavior [ RunTime:0.000062s ]
INFO: [ app_init ] --END-- [ RunTime:0.001507s ]
INFO: [ app_begin ] --START--
INFO: Run Behavior\ReadHtmlCacheBehavior [ RunTime:0.001085s ]
INFO: [ app_begin ] --END-- [ RunTime:0.001297s ]
SQL: SHOW COLUMNS FROM `huawei_user` [ RunTime:0.0130s ]
SQL: SHOW COLUMNS FROM `huawei_avatar` [ RunTime:0.0132s ]
INFO: [ app_end ] --START--
INFO: Run Behavior\ShowPageTraceBehavior [ RunTime:0.001534s ]
INFO: [ app_end ] --END-- [ RunTime:0.001748s ]

[ 2016-03-07T14:05:47+08:00 ] 192.168.70.254 /huawei/index.php/Admin/Avatar/js/ShopShow.js
INFO: [ app_init ] --START--
INFO: Run Behavior\BuildLiteBehavior [ RunTime:0.000044s ]
INFO: [ app_init ] --END-- [ RunTime:0.000998s ]
INFO: [ app_begin ] --START--
INFO: Run Behavior\ReadHtmlCacheBehavior [ RunTime:0.001040s ]
INFO: [ app_begin ] --END-- [ RunTime:0.001258s ]
SQL: SHOW COLUMNS FROM `huawei_user` [ RunTime:0.0139s ]
SQL: SHOW COLUMNS FROM `huawei_avatar` [ RunTime:0.0124s ]
INFO: [ app_end ] --START--
INFO: Run Behavior\ShowPageTraceBehavior [ RunTime:0.001436s ]
INFO: [ app_end ] --END-- [ RunTime:0.001650s ]

[ 2016-03-07T14:05:47+08:00 ] 192.168.70.254 /huawei/index.php/Admin/Avatar/js/ShopShow.js
INFO: [ app_init ] --START--
INFO: Run Behavior\BuildLiteBehavior [ RunTime:0.000044s ]
INFO: [ app_init ] --END-- [ RunTime:0.000902s ]
INFO: [ app_begin ] --START--
INFO: Run Behavior\ReadHtmlCacheBehavior [ RunTime:0.001030s ]
INFO: [ app_begin ] --END-- [ RunTime:0.001253s ]
SQL: SHOW COLUMNS FROM `huawei_user` [ RunTime:0.0140s ]
SQL: SHOW COLUMNS FROM `huawei_avatar` [ RunTime:0.0143s ]
INFO: [ app_end ] --START--
INFO: Run Behavior\ShowPageTraceBehavior [ RunTime:0.001492s ]
INFO: [ app_end ] --END-- [ RunTime:0.001705s ]

[ 2016-03-07T14:05:59+08:00 ] 192.168.70.254 /huawei/index.php/Admin/Avatar/no_pass/id/2.html
INFO: [ app_init ] --START--
INFO: Run Behavior\BuildLiteBehavior [ RunTime:0.000045s ]
INFO: [ app_init ] --END-- [ RunTime:0.000878s ]
INFO: [ app_begin ] --START--
INFO: Run Behavior\ReadHtmlCacheBehavior [ RunTime:0.000999s ]
INFO: [ app_begin ] --END-- [ RunTime:0.001202s ]
SQL: SHOW COLUMNS FROM `huawei_user` [ RunTime:0.0139s ]
SQL: SHOW COLUMNS FROM `huawei_avatar` [ RunTime:0.0128s ]
NOTIC: [8] Undefined index: validate D:\wamp\www\huawei\ThinkPHP\Library\Think\Model.class.php 第 1185 行.
NOTIC: [8] Undefined index: auto D:\wamp\www\huawei\ThinkPHP\Library\Think\Model.class.php 第 1128 行.
SQL: UPDATE `huawei_avatar` SET `display`='2' WHERE ( id=2 ) [ RunTime:0.0460s ]
INFO: [ view_parse ] --START--
INFO: [ template_filter ] --START--
INFO: Run Behavior\ContentReplaceBehavior [ RunTime:0.000224s ]
INFO: [ template_filter ] --END-- [ RunTime:0.000536s ]
INFO: Run Behavior\ParseTemplateBehavior [ RunTime:0.052820s ]
INFO: [ view_parse ] --END-- [ RunTime:0.053118s ]
INFO: [ view_filter ] --START--
INFO: Run Behavior\WriteHtmlCacheBehavior [ RunTime:0.001387s ]
INFO: [ view_filter ] --END-- [ RunTime:0.001759s ]
INFO: [ app_end ] --START--
INFO: Run Behavior\ShowPageTraceBehavior [ RunTime:0.001928s ]
INFO: [ app_end ] --END-- [ RunTime:0.002226s ]

[ 2016-03-07T14:06:01+08:00 ] 192.168.70.254 /huawei/index.php/Admin/Avatar/index.html
INFO: [ app_init ] --START--
INFO: Run Behavior\BuildLiteBehavior [ RunTime:0.000046s ]
INFO: [ app_init ] --END-- [ RunTime:0.000918s ]
INFO: [ app_begin ] --START--
INFO: Run Behavior\ReadHtmlCacheBehavior [ RunTime:0.000992s ]
INFO: [ app_begin ] --END-- [ RunTime:0.001186s ]
SQL: SHOW COLUMNS FROM `huawei_user` [ RunTime:0.0137s ]
SQL: SHOW COLUMNS FROM `huawei_avatar` [ RunTime:0.0141s ]
SQL: SELECT COUNT(*) AS tp_count FROM `huawei_avatar` LIMIT 1   [ RunTime:0.0010s ]
SQL: SELECT * FROM `huawei_avatar` ORDER BY id desc LIMIT 0,5   [ RunTime:0.0008s ]
INFO: [ view_parse ] --START--
INFO: [ template_filter ] --START--
INFO: Run Behavior\ContentReplaceBehavior [ RunTime:0.000758s ]
INFO: [ template_filter ] --END-- [ RunTime:0.000985s ]
INFO: Run Behavior\ParseTemplateBehavior [ RunTime:0.067763s ]
INFO: [ view_parse ] --END-- [ RunTime:0.068014s ]
INFO: [ view_filter ] --START--
INFO: Run Behavior\WriteHtmlCacheBehavior [ RunTime:0.001008s ]
INFO: [ view_filter ] --END-- [ RunTime:0.001195s ]
INFO: [ app_end ] --START--
INFO: Run Behavior\ShowPageTraceBehavior [ RunTime:0.001205s ]
INFO: [ app_end ] --END-- [ RunTime:0.001396s ]

[ 2016-03-07T14:06:01+08:00 ] 192.168.70.254 /huawei/index.php/Admin/Avatar/js/ShopShow.js
INFO: [ app_init ] --START--
INFO: Run Behavior\BuildLiteBehavior [ RunTime:0.000047s ]
INFO: [ app_init ] --END-- [ RunTime:0.000885s ]
INFO: [ app_begin ] --START--
INFO: Run Behavior\ReadHtmlCacheBehavior [ RunTime:0.000995s ]
INFO: [ app_begin ] --END-- [ RunTime:0.001190s ]
SQL: SHOW COLUMNS FROM `huawei_user` [ RunTime:0.0139s ]
SQL: SHOW COLUMNS FROM `huawei_avatar` [ RunTime:0.0134s ]
INFO: [ app_end ] --START--
INFO: Run Behavior\ShowPageTraceBehavior [ RunTime:0.001506s ]
INFO: [ app_end ] --END-- [ RunTime:0.001729s ]

[ 2016-03-07T14:06:01+08:00 ] 192.168.70.254 /huawei/index.php/Admin/Avatar/js/ShopShow.js
INFO: [ app_init ] --START--
INFO: Run Behavior\BuildLiteBehavior [ RunTime:0.000043s ]
INFO: [ app_init ] --END-- [ RunTime:0.000906s ]
INFO: [ app_begin ] --START--
INFO: Run Behavior\ReadHtmlCacheBehavior [ RunTime:0.001036s ]
INFO: [ app_begin ] --END-- [ RunTime:0.001263s ]
SQL: SHOW COLUMNS FROM `huawei_user` [ RunTime:0.0145s ]
SQL: SHOW COLUMNS FROM `huawei_avatar` [ RunTime:0.0132s ]
INFO: [ app_end ] --START--
INFO: Run Behavior\ShowPageTraceBehavior [ RunTime:0.001614s ]
INFO: [ app_end ] --END-- [ RunTime:0.001858s ]

[ 2016-03-07T14:06:01+08:00 ] 192.168.70.254 /huawei/index.php/Admin/Avatar/js/ShopShow.js
INFO: [ app_init ] --START--
INFO: Run Behavior\BuildLiteBehavior [ RunTime:0.000044s ]
INFO: [ app_init ] --END-- [ RunTime:0.000922s ]
INFO: [ app_begin ] --START--
INFO: Run Behavior\ReadHtmlCacheBehavior [ RunTime:0.001389s ]
INFO: [ app_begin ] --END-- [ RunTime:0.001608s ]
SQL: SHOW COLUMNS FROM `huawei_user` [ RunTime:0.0152s ]
SQL: SHOW COLUMNS FROM `huawei_avatar` [ RunTime:0.0143s ]
INFO: [ app_end ] --START--
INFO: Run Behavior\ShowPageTraceBehavior [ RunTime:0.001483s ]
INFO: [ app_end ] --END-- [ RunTime:0.001762s ]

[ 2016-03-07T14:06:01+08:00 ] 192.168.70.254 /huawei/index.php/Admin/Avatar/js/ShopShow.js
INFO: [ app_init ] --START--
INFO: Run Behavior\BuildLiteBehavior [ RunTime:0.000044s ]
INFO: [ app_init ] --END-- [ RunTime:0.000876s ]
INFO: [ app_begin ] --START--
INFO: Run Behavior\ReadHtmlCacheBehavior [ RunTime:0.000998s ]
INFO: [ app_begin ] --END-- [ RunTime:0.001197s ]
SQL: SHOW COLUMNS FROM `huawei_user` [ RunTime:0.0143s ]
SQL: SHOW COLUMNS FROM `huawei_avatar` [ RunTime:0.0149s ]
INFO: [ app_end ] --START--
INFO: Run Behavior\ShowPageTraceBehavior [ RunTime:0.001454s ]
INFO: [ app_end ] --END-- [ RunTime:0.001666s ]

[ 2016-03-07T14:06:13+08:00 ] 192.168.70.254 /huawei/index.php/Admin/Player/index.html
INFO: [ app_init ] --START--
INFO: Run Behavior\BuildLiteBehavior [ RunTime:0.000047s ]
INFO: [ app_init ] --END-- [ RunTime:0.000970s ]
INFO: [ app_begin ] --START--
INFO: Run Behavior\ReadHtmlCacheBehavior [ RunTime:0.001117s ]
INFO: [ app_begin ] --END-- [ RunTime:0.001387s ]
SQL: SHOW COLUMNS FROM `huawei_player` [ RunTime:0.0436s ]
SQL: SHOW COLUMNS FROM `huawei_work` [ RunTime:0.0125s ]
SQL: SHOW COLUMNS FROM `huawei_player_work` [ RunTime:0.0130s ]
SQL: SHOW COLUMNS FROM `huawei_admin_player` [ RunTime:0.0121s ]
SQL: SHOW COLUMNS FROM `huawei_player` [ RunTime:0.0142s ]
SQL: SELECT * FROM `huawei_player` ORDER BY player_id asc  [ RunTime:0.0009s ]
INFO: [ view_parse ] --START--
INFO: [ template_filter ] --START--
INFO: Run Behavior\ContentReplaceBehavior [ RunTime:0.000710s ]
INFO: [ template_filter ] --END-- [ RunTime:0.000949s ]
INFO: Run Behavior\ParseTemplateBehavior [ RunTime:0.086506s ]
INFO: [ view_parse ] --END-- [ RunTime:0.086732s ]
INFO: [ view_filter ] --START--
INFO: Run Behavior\WriteHtmlCacheBehavior [ RunTime:0.000945s ]
INFO: [ view_filter ] --END-- [ RunTime:0.001132s ]
INFO: [ app_end ] --START--
INFO: Run Behavior\ShowPageTraceBehavior [ RunTime:0.001198s ]
INFO: [ app_end ] --END-- [ RunTime:0.001389s ]

[ 2016-03-07T14:06:21+08:00 ] 192.168.70.254 /huawei/index.php/Admin/Avatar/index.html
INFO: [ app_init ] --START--
INFO: Run Behavior\BuildLiteBehavior [ RunTime:0.000045s ]
INFO: [ app_init ] --END-- [ RunTime:0.000870s ]
INFO: [ app_begin ] --START--
INFO: Run Behavior\ReadHtmlCacheBehavior [ RunTime:0.001038s ]
INFO: [ app_begin ] --END-- [ RunTime:0.001251s ]
SQL: SHOW COLUMNS FROM `huawei_user` [ RunTime:0.0142s ]
SQL: SHOW COLUMNS FROM `huawei_avatar` [ RunTime:0.0133s ]
SQL: SELECT COUNT(*) AS tp_count FROM `huawei_avatar` LIMIT 1   [ RunTime:0.0006s ]
SQL: SELECT * FROM `huawei_avatar` ORDER BY id desc LIMIT 0,5   [ RunTime:0.0006s ]
INFO: [ view_parse ] --START--
INFO: [ template_filter ] --START--
INFO: Run Behavior\ContentReplaceBehavior [ RunTime:0.000803s ]
INFO: [ template_filter ] --END-- [ RunTime:0.001039s ]
INFO: Run Behavior\ParseTemplateBehavior [ RunTime:0.066911s ]
INFO: [ view_parse ] --END-- [ RunTime:0.067810s ]
INFO: [ view_filter ] --START--
INFO: Run Behavior\WriteHtmlCacheBehavior [ RunTime:0.001141s ]
INFO: [ view_filter ] --END-- [ RunTime:0.001337s ]
INFO: [ app_end ] --START--
INFO: Run Behavior\ShowPageTraceBehavior [ RunTime:0.001209s ]
INFO: [ app_end ] --END-- [ RunTime:0.001400s ]

[ 2016-03-07T14:06:21+08:00 ] 192.168.70.254 /huawei/index.php/Admin/Avatar/js/ShopShow.js
INFO: [ app_init ] --START--
INFO: Run Behavior\BuildLiteBehavior [ RunTime:0.000045s ]
INFO: [ app_init ] --END-- [ RunTime:0.000884s ]
INFO: [ app_begin ] --START--
INFO: Run Behavior\ReadHtmlCacheBehavior [ RunTime:0.001068s ]
INFO: [ app_begin ] --END-- [ RunTime:0.001275s ]
SQL: SHOW COLUMNS FROM `huawei_user` [ RunTime:0.0130s ]
SQL: SHOW COLUMNS FROM `huawei_avatar` [ RunTime:0.0123s ]
INFO: [ app_end ] --START--
INFO: Run Behavior\ShowPageTraceBehavior [ RunTime:0.001535s ]
INFO: [ app_end ] --END-- [ RunTime:0.001751s ]

[ 2016-03-07T14:06:22+08:00 ] 192.168.70.254 /huawei/index.php/Admin/Avatar/js/ShopShow.js
INFO: [ app_init ] --START--
INFO: Run Behavior\BuildLiteBehavior [ RunTime:0.000044s ]
INFO: [ app_init ] --END-- [ RunTime:0.000897s ]
INFO: [ app_begin ] --START--
INFO: Run Behavior\ReadHtmlCacheBehavior [ RunTime:0.001474s ]
INFO: [ app_begin ] --END-- [ RunTime:0.001700s ]
SQL: SHOW COLUMNS FROM `huawei_user` [ RunTime:0.0128s ]
SQL: SHOW COLUMNS FROM `huawei_avatar` [ RunTime:0.0138s ]
INFO: [ app_end ] --START--
INFO: Run Behavior\ShowPageTraceBehavior [ RunTime:0.001448s ]
INFO: [ app_end ] --END-- [ RunTime:0.001667s ]

[ 2016-03-07T14:06:22+08:00 ] 192.168.70.254 /huawei/index.php/Admin/Avatar/js/ShopShow.js
INFO: [ app_init ] --START--
INFO: Run Behavior\BuildLiteBehavior [ RunTime:0.000044s ]
INFO: [ app_init ] --END-- [ RunTime:0.000904s ]
INFO: [ app_begin ] --START--
INFO: Run Behavior\ReadHtmlCacheBehavior [ RunTime:0.001692s ]
INFO: [ app_begin ] --END-- [ RunTime:0.001916s ]
SQL: SHOW COLUMNS FROM `huawei_user` [ RunTime:0.0138s ]
SQL: SHOW COLUMNS FROM `huawei_avatar` [ RunTime:0.0131s ]
INFO: [ app_end ] --START--
INFO: Run Behavior\ShowPageTraceBehavior [ RunTime:0.001445s ]
INFO: [ app_end ] --END-- [ RunTime:0.001657s ]

[ 2016-03-07T14:06:22+08:00 ] 192.168.70.254 /huawei/index.php/Admin/Avatar/js/ShopShow.js
INFO: [ app_init ] --START--
INFO: Run Behavior\BuildLiteBehavior [ RunTime:0.000044s ]
INFO: [ app_init ] --END-- [ RunTime:0.000884s ]
INFO: [ app_begin ] --START--
INFO: Run Behavior\ReadHtmlCacheBehavior [ RunTime:0.000994s ]
INFO: [ app_begin ] --END-- [ RunTime:0.001192s ]
SQL: SHOW COLUMNS FROM `huawei_user` [ RunTime:0.0123s ]
SQL: SHOW COLUMNS FROM `huawei_avatar` [ RunTime:0.0130s ]
INFO: [ app_end ] --START--
INFO: Run Behavior\ShowPageTraceBehavior [ RunTime:0.001533s ]
INFO: [ app_end ] --END-- [ RunTime:0.001745s ]

[ 2016-03-07T14:06:26+08:00 ] 192.168.70.254 /huawei/index.php/Admin/Avatar/pass/id/2.html
INFO: [ app_init ] --START--
INFO: Run Behavior\BuildLiteBehavior [ RunTime:0.000056s ]
INFO: [ app_init ] --END-- [ RunTime:0.001103s ]
INFO: [ app_begin ] --START--
INFO: Run Behavior\ReadHtmlCacheBehavior [ RunTime:0.001423s ]
INFO: [ app_begin ] --END-- [ RunTime:0.001700s ]
SQL: SHOW COLUMNS FROM `huawei_user` [ RunTime:0.0132s ]
SQL: SHOW COLUMNS FROM `huawei_avatar` [ RunTime:0.0139s ]
NOTIC: [8] Undefined index: validate D:\wamp\www\huawei\ThinkPHP\Library\Think\Model.class.php 第 1185 行.
NOTIC: [8] Undefined index: auto D:\wamp\www\huawei\ThinkPHP\Library\Think\Model.class.php 第 1128 行.
SQL: UPDATE `huawei_avatar` SET `display`='1' WHERE ( id=2 ) [ RunTime:0.0426s ]
INFO: [ view_parse ] --START--
INFO: [ template_filter ] --START--
INFO: Run Behavior\ContentReplaceBehavior [ RunTime:0.000162s ]
INFO: [ template_filter ] --END-- [ RunTime:0.000384s ]
INFO: Run Behavior\ParseTemplateBehavior [ RunTime:0.014671s ]
INFO: [ view_parse ] --END-- [ RunTime:0.014931s ]
INFO: [ view_filter ] --START--
INFO: Run Behavior\WriteHtmlCacheBehavior [ RunTime:0.000814s ]
INFO: [ view_filter ] --END-- [ RunTime:0.001056s ]
INFO: [ app_end ] --START--
INFO: Run Behavior\ShowPageTraceBehavior [ RunTime:0.001262s ]
INFO: [ app_end ] --END-- [ RunTime:0.001452s ]

[ 2016-03-07T14:06:27+08:00 ] 192.168.70.254 /huawei/index.php/Admin/Avatar/index.html
INFO: [ app_init ] --START--
INFO: Run Behavior\BuildLiteBehavior [ RunTime:0.000050s ]
INFO: [ app_init ] --END-- [ RunTime:0.000970s ]
INFO: [ app_begin ] --START--
INFO: Run Behavior\ReadHtmlCacheBehavior [ RunTime:0.001012s ]
INFO: [ app_begin ] --END-- [ RunTime:0.001219s ]
SQL: SHOW COLUMNS FROM `huawei_user` [ RunTime:0.0127s ]
SQL: SHOW COLUMNS FROM `huawei_avatar` [ RunTime:0.0134s ]
SQL: SELECT COUNT(*) AS tp_count FROM `huawei_avatar` LIMIT 1   [ RunTime:0.0009s ]
SQL: SELECT * FROM `huawei_avatar` ORDER BY id desc LIMIT 0,5   [ RunTime:0.0007s ]
INFO: [ view_parse ] --START--
INFO: [ template_filter ] --START--
INFO: Run Behavior\ContentReplaceBehavior [ RunTime:0.000762s ]
INFO: [ template_filter ] --END-- [ RunTime:0.000991s ]
INFO: Run Behavior\ParseTemplateBehavior [ RunTime:0.067447s ]
INFO: [ view_parse ] --END-- [ RunTime:0.067697s ]
INFO: [ view_filter ] --START--
INFO: Run Behavior\WriteHtmlCacheBehavior [ RunTime:0.000926s ]
INFO: [ view_filter ] --END-- [ RunTime:0.001114s ]
INFO: [ app_end ] --START--
INFO: Run Behavior\ShowPageTraceBehavior [ RunTime:0.001402s ]
INFO: [ app_end ] --END-- [ RunTime:0.001600s ]

[ 2016-03-07T14:06:27+08:00 ] 192.168.70.254 /huawei/index.php/Admin/Avatar/js/ShopShow.js
INFO: [ app_init ] --START--
INFO: Run Behavior\BuildLiteBehavior [ RunTime:0.000045s ]
INFO: [ app_init ] --END-- [ RunTime:0.000870s ]
INFO: [ app_begin ] --START--
INFO: Run Behavior\ReadHtmlCacheBehavior [ RunTime:0.001018s ]
INFO: [ app_begin ] --END-- [ RunTime:0.001215s ]
SQL: SHOW COLUMNS FROM `huawei_user` [ RunTime:0.0133s ]
SQL: SHOW COLUMNS FROM `huawei_avatar` [ RunTime:0.0126s ]
INFO: [ app_end ] --START--
INFO: Run Behavior\ShowPageTraceBehavior [ RunTime:0.001427s ]
INFO: [ app_end ] --END-- [ RunTime:0.001638s ]

[ 2016-03-07T14:06:27+08:00 ] 192.168.70.254 /huawei/index.php/Admin/Avatar/js/ShopShow.js
INFO: [ app_init ] --START--
INFO: Run Behavior\BuildLiteBehavior [ RunTime:0.000055s ]
INFO: [ app_init ] --END-- [ RunTime:0.001182s ]
INFO: [ app_begin ] --START--
INFO: Run Behavior\ReadHtmlCacheBehavior [ RunTime:0.001052s ]
INFO: [ app_begin ] --END-- [ RunTime:0.001269s ]
SQL: SHOW COLUMNS FROM `huawei_user` [ RunTime:0.0126s ]
SQL: SHOW COLUMNS FROM `huawei_avatar` [ RunTime:0.0118s ]
INFO: [ app_end ] --START--
INFO: Run Behavior\ShowPageTraceBehavior [ RunTime:0.001450s ]
INFO: [ app_end ] --END-- [ RunTime:0.001665s ]

[ 2016-03-07T14:06:27+08:00 ] 192.168.70.254 /huawei/index.php/Admin/Avatar/js/ShopShow.js
INFO: [ app_init ] --START--
INFO: Run Behavior\BuildLiteBehavior [ RunTime:0.000047s ]
INFO: [ app_init ] --END-- [ RunTime:0.000942s ]
INFO: [ app_begin ] --START--
INFO: Run Behavior\ReadHtmlCacheBehavior [ RunTime:0.001056s ]
INFO: [ app_begin ] --END-- [ RunTime:0.001252s ]
SQL: SHOW COLUMNS FROM `huawei_user` [ RunTime:0.0138s ]
SQL: SHOW COLUMNS FROM `huawei_avatar` [ RunTime:0.0150s ]
INFO: [ app_end ] --START--
INFO: Run Behavior\ShowPageTraceBehavior [ RunTime:0.001456s ]
INFO: [ app_end ] --END-- [ RunTime:0.001668s ]

[ 2016-03-07T14:06:27+08:00 ] 192.168.70.254 /huawei/index.php/Admin/Avatar/js/ShopShow.js
INFO: [ app_init ] --START--
INFO: Run Behavior\BuildLiteBehavior [ RunTime:0.000045s ]
INFO: [ app_init ] --END-- [ RunTime:0.000972s ]
INFO: [ app_begin ] --START--
INFO: Run Behavior\ReadHtmlCacheBehavior [ RunTime:0.001061s ]
INFO: [ app_begin ] --END-- [ RunTime:0.001304s ]
SQL: SHOW COLUMNS FROM `huawei_user` [ RunTime:0.0138s ]
SQL: SHOW COLUMNS FROM `huawei_avatar` [ RunTime:0.0126s ]
INFO: [ app_end ] --START--
INFO: Run Behavior\ShowPageTraceBehavior [ RunTime:0.001794s ]
INFO: [ app_end ] --END-- [ RunTime:0.002016s ]

[ 2016-03-07T14:06:32+08:00 ] 192.168.70.254 /huawei/index.php/Admin/Avatar/no_pass/id/2.html
INFO: [ app_init ] --START--
INFO: Run Behavior\BuildLiteBehavior [ RunTime:0.000063s ]
INFO: [ app_init ] --END-- [ RunTime:0.001288s ]
INFO: [ app_begin ] --START--
INFO: Run Behavior\ReadHtmlCacheBehavior [ RunTime:0.001440s ]
INFO: [ app_begin ] --END-- [ RunTime:0.001764s ]
SQL: SHOW COLUMNS FROM `huawei_user` [ RunTime:0.0128s ]
SQL: SHOW COLUMNS FROM `huawei_avatar` [ RunTime:0.0129s ]
NOTIC: [8] Undefined index: validate D:\wamp\www\huawei\ThinkPHP\Library\Think\Model.class.php 第 1185 行.
NOTIC: [8] Undefined index: auto D:\wamp\www\huawei\ThinkPHP\Library\Think\Model.class.php 第 1128 行.
SQL: UPDATE `huawei_avatar` SET `display`='2' WHERE ( id=2 ) [ RunTime:0.0560s ]
INFO: [ view_parse ] --START--
INFO: [ template_filter ] --START--
INFO: Run Behavior\ContentReplaceBehavior [ RunTime:0.000206s ]
INFO: [ template_filter ] --END-- [ RunTime:0.000501s ]
INFO: Run Behavior\ParseTemplateBehavior [ RunTime:0.019918s ]
INFO: [ view_parse ] --END-- [ RunTime:0.020249s ]
INFO: [ view_filter ] --START--
INFO: Run Behavior\WriteHtmlCacheBehavior [ RunTime:0.001064s ]
INFO: [ view_filter ] --END-- [ RunTime:0.001308s ]
INFO: [ app_end ] --START--
INFO: Run Behavior\ShowPageTraceBehavior [ RunTime:0.001549s ]
INFO: [ app_end ] --END-- [ RunTime:0.001794s ]

[ 2016-03-07T14:06:33+08:00 ] 192.168.70.254 /huawei/index.php/Admin/Avatar/index.html
INFO: [ app_init ] --START--
INFO: Run Behavior\BuildLiteBehavior [ RunTime:0.000057s ]
INFO: [ app_init ] --END-- [ RunTime:0.001434s ]
INFO: [ app_begin ] --START--
INFO: Run Behavior\ReadHtmlCacheBehavior [ RunTime:0.001062s ]
INFO: [ app_begin ] --END-- [ RunTime:0.001262s ]
SQL: SHOW COLUMNS FROM `huawei_user` [ RunTime:0.0134s ]
SQL: SHOW COLUMNS FROM `huawei_avatar` [ RunTime:0.0135s ]
SQL: SELECT COUNT(*) AS tp_count FROM `huawei_avatar` LIMIT 1   [ RunTime:0.0006s ]
SQL: SELECT * FROM `huawei_avatar` ORDER BY id desc LIMIT 0,5   [ RunTime:0.0006s ]
INFO: [ view_parse ] --START--
INFO: [ template_filter ] --START--
INFO: Run Behavior\ContentReplaceBehavior [ RunTime:0.000759s ]
INFO: [ template_filter ] --END-- [ RunTime:0.000985s ]
INFO: Run Behavior\ParseTemplateBehavior [ RunTime:0.067741s ]
INFO: [ view_parse ] --END-- [ RunTime:0.067993s ]
INFO: [ view_filter ] --START--
INFO: Run Behavior\WriteHtmlCacheBehavior [ RunTime:0.001084s ]
INFO: [ view_filter ] --END-- [ RunTime:0.001272s ]
INFO: [ app_end ] --START--
INFO: Run Behavior\ShowPageTraceBehavior [ RunTime:0.001214s ]
INFO: [ app_end ] --END-- [ RunTime:0.001443s ]

[ 2016-03-07T14:06:33+08:00 ] 192.168.70.254 /huawei/index.php/Admin/Avatar/js/ShopShow.js
INFO: [ app_init ] --START--
INFO: Run Behavior\BuildLiteBehavior [ RunTime:0.000045s ]
INFO: [ app_init ] --END-- [ RunTime:0.000966s ]
INFO: [ app_begin ] --START--
INFO: Run Behavior\ReadHtmlCacheBehavior [ RunTime:0.001035s ]
INFO: [ app_begin ] --END-- [ RunTime:0.001231s ]
SQL: SHOW COLUMNS FROM `huawei_user` [ RunTime:0.0135s ]
SQL: SHOW COLUMNS FROM `huawei_avatar` [ RunTime:0.0139s ]
INFO: [ app_end ] --START--
INFO: Run Behavior\ShowPageTraceBehavior [ RunTime:0.001428s ]
INFO: [ app_end ] --END-- [ RunTime:0.001640s ]

[ 2016-03-07T14:06:33+08:00 ] 192.168.70.254 /huawei/index.php/Admin/Avatar/js/ShopShow.js
INFO: [ app_init ] --START--
INFO: Run Behavior\BuildLiteBehavior [ RunTime:0.000050s ]
INFO: [ app_init ] --END-- [ RunTime:0.001553s ]
INFO: [ app_begin ] --START--
INFO: Run Behavior\ReadHtmlCacheBehavior [ RunTime:0.001020s ]
INFO: [ app_begin ] --END-- [ RunTime:0.001218s ]
SQL: SHOW COLUMNS FROM `huawei_user` [ RunTime:0.0121s ]
SQL: SHOW COLUMNS FROM `huawei_avatar` [ RunTime:0.0143s ]
INFO: [ app_end ] --START--
INFO: Run Behavior\ShowPageTraceBehavior [ RunTime:0.001444s ]
INFO: [ app_end ] --END-- [ RunTime:0.001654s ]

[ 2016-03-07T14:06:33+08:00 ] 192.168.70.254 /huawei/index.php/Admin/Avatar/js/ShopShow.js
INFO: [ app_init ] --START--
INFO: Run Behavior\BuildLiteBehavior [ RunTime:0.000045s ]
INFO: [ app_init ] --END-- [ RunTime:0.000926s ]
INFO: [ app_begin ] --START--
INFO: Run Behavior\ReadHtmlCacheBehavior [ RunTime:0.001021s ]
INFO: [ app_begin ] --END-- [ RunTime:0.001222s ]
SQL: SHOW COLUMNS FROM `huawei_user` [ RunTime:0.0139s ]
SQL: SHOW COLUMNS FROM `huawei_avatar` [ RunTime:0.0131s ]
INFO: [ app_end ] --START--
INFO: Run Behavior\ShowPageTraceBehavior [ RunTime:0.001563s ]
INFO: [ app_end ] --END-- [ RunTime:0.001794s ]

[ 2016-03-07T14:06:34+08:00 ] 192.168.70.254 /huawei/index.php/Admin/Avatar/js/ShopShow.js
INFO: [ app_init ] --START--
INFO: Run Behavior\BuildLiteBehavior [ RunTime:0.000046s ]
INFO: [ app_init ] --END-- [ RunTime:0.000935s ]
INFO: [ app_begin ] --START--
INFO: Run Behavior\ReadHtmlCacheBehavior [ RunTime:0.001049s ]
INFO: [ app_begin ] --END-- [ RunTime:0.001246s ]
SQL: SHOW COLUMNS FROM `huawei_user` [ RunTime:0.0128s ]
SQL: SHOW COLUMNS FROM `huawei_avatar` [ RunTime:0.0125s ]
INFO: [ app_end ] --START--
INFO: Run Behavior\ShowPageTraceBehavior [ RunTime:0.001660s ]
INFO: [ app_end ] --END-- [ RunTime:0.001882s ]

[ 2016-03-07T14:06:37+08:00 ] 192.168.70.254 /huawei/index.php/Admin/User/index.html
INFO: [ app_init ] --START--
INFO: Run Behavior\BuildLiteBehavior [ RunTime:0.000045s ]
INFO: [ app_init ] --END-- [ RunTime:0.000909s ]
INFO: [ app_begin ] --START--
INFO: Run Behavior\ReadHtmlCacheBehavior [ RunTime:0.000995s ]
INFO: [ app_begin ] --END-- [ RunTime:0.001192s ]
SQL: SHOW COLUMNS FROM `huawei_user` [ RunTime:0.0138s ]
SQL: SELECT COUNT(*) AS tp_count FROM `huawei_user` LIMIT 1   [ RunTime:0.0015s ]
SQL: SELECT * FROM `huawei_user` ORDER BY id asc LIMIT 0,5   [ RunTime:0.0012s ]
INFO: [ view_parse ] --START--
INFO: [ template_filter ] --START--
INFO: Run Behavior\ContentReplaceBehavior [ RunTime:0.000745s ]
INFO: [ template_filter ] --END-- [ RunTime:0.000979s ]
NOTIC: [8] Undefined index: p D:\wamp\www\huawei\Application\Runtime\Cache\Admin\65e605872ed5d34210f5b33beb13f5a3.php 第 752 行.
NOTIC: [8] Undefined variable: s D:\wamp\www\huawei\Application\Runtime\Cache\Admin\65e605872ed5d34210f5b33beb13f5a3.php 第 752 行.
NOTIC: [8] Undefined variable: s D:\wamp\www\huawei\Application\Runtime\Cache\Admin\65e605872ed5d34210f5b33beb13f5a3.php 第 752 行.
NOTIC: [8] Undefined index: p D:\wamp\www\huawei\Application\Runtime\Cache\Admin\65e605872ed5d34210f5b33beb13f5a3.php 第 753 行.
NOTIC: [8] Undefined variable: s D:\wamp\www\huawei\Application\Runtime\Cache\Admin\65e605872ed5d34210f5b33beb13f5a3.php 第 753 行.
NOTIC: [8] Undefined variable: s D:\wamp\www\huawei\Application\Runtime\Cache\Admin\65e605872ed5d34210f5b33beb13f5a3.php 第 753 行.
NOTIC: [8] Undefined index: p D:\wamp\www\huawei\Application\Runtime\Cache\Admin\65e605872ed5d34210f5b33beb13f5a3.php 第 754 行.
NOTIC: [8] Undefined variable: s D:\wamp\www\huawei\Application\Runtime\Cache\Admin\65e605872ed5d34210f5b33beb13f5a3.php 第 754 行.
NOTIC: [8] Undefined variable: s D:\wamp\www\huawei\Application\Runtime\Cache\Admin\65e605872ed5d34210f5b33beb13f5a3.php 第 754 行.
NOTIC: [8] Undefined index: p D:\wamp\www\huawei\Application\Runtime\Cache\Admin\65e605872ed5d34210f5b33beb13f5a3.php 第 752 行.
NOTIC: [8] Undefined variable: s D:\wamp\www\huawei\Application\Runtime\Cache\Admin\65e605872ed5d34210f5b33beb13f5a3.php 第 752 行.
NOTIC: [8] Undefined variable: s D:\wamp\www\huawei\Application\Runtime\Cache\Admin\65e605872ed5d34210f5b33beb13f5a3.php 第 752 行.
NOTIC: [8] Undefined index: p D:\wamp\www\huawei\Application\Runtime\Cache\Admin\65e605872ed5d34210f5b33beb13f5a3.php 第 753 行.
NOTIC: [8] Undefined variable: s D:\wamp\www\huawei\Application\Runtime\Cache\Admin\65e605872ed5d34210f5b33beb13f5a3.php 第 753 行.
NOTIC: [8] Undefined variable: s D:\wamp\www\huawei\Application\Runtime\Cache\Admin\65e605872ed5d34210f5b33beb13f5a3.php 第 753 行.
NOTIC: [8] Undefined index: p D:\wamp\www\huawei\Application\Runtime\Cache\Admin\65e605872ed5d34210f5b33beb13f5a3.php 第 754 行.
NOTIC: [8] Undefined variable: s D:\wamp\www\huawei\Application\Runtime\Cache\Admin\65e605872ed5d34210f5b33beb13f5a3.php 第 754 行.
NOTIC: [8] Undefined variable: s D:\wamp\www\huawei\Application\Runtime\Cache\Admin\65e605872ed5d34210f5b33beb13f5a3.php 第 754 行.
NOTIC: [8] Undefined index: p D:\wamp\www\huawei\Application\Runtime\Cache\Admin\65e605872ed5d34210f5b33beb13f5a3.php 第 752 行.
NOTIC: [8] Undefined variable: s D:\wamp\www\huawei\Application\Runtime\Cache\Admin\65e605872ed5d34210f5b33beb13f5a3.php 第 752 行.
NOTIC: [8] Undefined variable: s D:\wamp\www\huawei\Application\Runtime\Cache\Admin\65e605872ed5d34210f5b33beb13f5a3.php 第 752 行.
NOTIC: [8] Undefined index: p D:\wamp\www\huawei\Application\Runtime\Cache\Admin\65e605872ed5d34210f5b33beb13f5a3.php 第 753 行.
NOTIC: [8] Undefined variable: s D:\wamp\www\huawei\Application\Runtime\Cache\Admin\65e605872ed5d34210f5b33beb13f5a3.php 第 753 行.
NOTIC: [8] Undefined variable: s D:\wamp\www\huawei\Application\Runtime\Cache\Admin\65e605872ed5d34210f5b33beb13f5a3.php 第 753 行.
NOTIC: [8] Undefined index: p D:\wamp\www\huawei\Application\Runtime\Cache\Admin\65e605872ed5d34210f5b33beb13f5a3.php 第 754 行.
NOTIC: [8] Undefined variable: s D:\wamp\www\huawei\Application\Runtime\Cache\Admin\65e605872ed5d34210f5b33beb13f5a3.php 第 754 行.
NOTIC: [8] Undefined variable: s D:\wamp\www\huawei\Application\Runtime\Cache\Admin\65e605872ed5d34210f5b33beb13f5a3.php 第 754 行.
NOTIC: [8] Undefined index: p D:\wamp\www\huawei\Application\Runtime\Cache\Admin\65e605872ed5d34210f5b33beb13f5a3.php 第 752 行.
NOTIC: [8] Undefined variable: s D:\wamp\www\huawei\Application\Runtime\Cache\Admin\65e605872ed5d34210f5b33beb13f5a3.php 第 752 行.
NOTIC: [8] Undefined variable: s D:\wamp\www\huawei\Application\Runtime\Cache\Admin\65e605872ed5d34210f5b33beb13f5a3.php 第 752 行.
NOTIC: [8] Undefined index: p D:\wamp\www\huawei\Application\Runtime\Cache\Admin\65e605872ed5d34210f5b33beb13f5a3.php 第 753 行.
NOTIC: [8] Undefined variable: s D:\wamp\www\huawei\Application\Runtime\Cache\Admin\65e605872ed5d34210f5b33beb13f5a3.php 第 753 行.
NOTIC: [8] Undefined variable: s D:\wamp\www\huawei\Application\Runtime\Cache\Admin\65e605872ed5d34210f5b33beb13f5a3.php 第 753 行.
NOTIC: [8] Undefined index: p D:\wamp\www\huawei\Application\Runtime\Cache\Admin\65e605872ed5d34210f5b33beb13f5a3.php 第 754 行.
NOTIC: [8] Undefined variable: s D:\wamp\www\huawei\Application\Runtime\Cache\Admin\65e605872ed5d34210f5b33beb13f5a3.php 第 754 行.
NOTIC: [8] Undefined variable: s D:\wamp\www\huawei\Application\Runtime\Cache\Admin\65e605872ed5d34210f5b33beb13f5a3.php 第 754 行.
NOTIC: [8] Undefined index: p D:\wamp\www\huawei\Application\Runtime\Cache\Admin\65e605872ed5d34210f5b33beb13f5a3.php 第 752 行.
NOTIC: [8] Undefined variable: s D:\wamp\www\huawei\Application\Runtime\Cache\Admin\65e605872ed5d34210f5b33beb13f5a3.php 第 752 行.
NOTIC: [8] Undefined variable: s D:\wamp\www\huawei\Application\Runtime\Cache\Admin\65e605872ed5d34210f5b33beb13f5a3.php 第 752 行.
NOTIC: [8] Undefined index: p D:\wamp\www\huawei\Application\Runtime\Cache\Admin\65e605872ed5d34210f5b33beb13f5a3.php 第 753 行.
NOTIC: [8] Undefined variable: s D:\wamp\www\huawei\Application\Runtime\Cache\Admin\65e605872ed5d34210f5b33beb13f5a3.php 第 753 行.
NOTIC: [8] Undefined variable: s D:\wamp\www\huawei\Application\Runtime\Cache\Admin\65e605872ed5d34210f5b33beb13f5a3.php 第 753 行.
NOTIC: [8] Undefined index: p D:\wamp\www\huawei\Application\Runtime\Cache\Admin\65e605872ed5d34210f5b33beb13f5a3.php 第 754 行.
NOTIC: [8] Undefined variable: s D:\wamp\www\huawei\Application\Runtime\Cache\Admin\65e605872ed5d34210f5b33beb13f5a3.php 第 754 行.
NOTIC: [8] Undefined variable: s D:\wamp\www\huawei\Application\Runtime\Cache\Admin\65e605872ed5d34210f5b33beb13f5a3.php 第 754 行.
INFO: Run Behavior\ParseTemplateBehavior [ RunTime:0.089228s ]
INFO: [ view_parse ] --END-- [ RunTime:0.089479s ]
INFO: [ view_filter ] --START--
INFO: Run Behavior\WriteHtmlCacheBehavior [ RunTime:0.001028s ]
INFO: [ view_filter ] --END-- [ RunTime:0.001217s ]
INFO: [ app_end ] --START--
INFO: Run Behavior\ShowPageTraceBehavior [ RunTime:0.001202s ]
INFO: [ app_end ] --END-- [ RunTime:0.001415s ]

